3:REQUEST Sale_index,0
3:RELEASE Sale_index,0
2:REQUEST Sale_index,0
0:REQUEST Sale_index,0
3:REQUEST Sale_index,1
2:RELEASE Sale_index,0
0:RELEASE Sale_index,0
1:REQUEST Sale_index,0
0:REQUEST Sale_index,1
2:REQUEST Sale_index,1
2:RELEASE Sale_index,1
3:RELEASE Sale_index,1
1:RELEASE Sale_index,0
1:REQUEST Sale_index,1
0:RELEASE Sale_index,1
0:REQUEST Sale_index,2
0:RELEASE Sale_index,2
0:REQUEST Sale_index,3
2:REQUEST Sale_index,2
1:RELEASE Sale_index,1
2:RELEASE Sale_index,2
0:RELEASE Sale_index,3
3:REQUEST Sale_index,2
2:REQUEST Sale_index,3
3:RELEASE Sale_index,2
0:REQUEST Sale,834
0:RELEASE Sale,834
1:REQUEST Sale_index,2
3:REQUEST Sale_index,3
2:RELEASE Sale_index,3
3:RELEASE Sale_index,3
2:REQUEST Sale,699
1:RELEASE Sale_index,2
1:REQUEST Sale_index,3
3:REQUEST Sale,598
0:REQUEST Sale,770
3:RELEASE Sale,598
1:RELEASE Sale_index,3
3:REQUEST Sale,731
3:RELEASE Sale,731
1:REQUEST Sale,834
3:REQUEST Sale,197
1:RELEASE Sale,834
1:REQUEST Sale,770
2:RELEASE Sale,699
3:RELEASE Sale,197
0:RELEASE Sale,770
1:RELEASE Sale,770
3:REQUEST Sale,603
2:REQUEST Sale,287
2:RELEASE Sale,287
3:RELEASE Sale,603
3:REQUEST Sale,311
1:REQUEST Sale,574
2:REQUEST Sale,511
3:RELEASE Sale,311
3:REQUEST Sale,267
0:REQUEST Sale,574
0:RELEASE Sale,574
3:RELEASE Sale,267
3:REQUEST Sale,35
0:REQUEST Sale,188
0:RELEASE Sale,188
0:REQUEST Sale,454
1:RELEASE Sale,574
2:RELEASE Sale,511
1:REQUEST Sale,188
1:RELEASE Sale,188
3:RELEASE Sale,35
0:RELEASE Sale,454
0:REQUEST Sale,221
2:REQUEST Sale,302
2:RELEASE Sale,302
2:REQUEST Sale,677
1:REQUEST Sale,454
2:RELEASE Sale,677
0:RELEASE Sale,221
0:REQUEST Sale,477
0:RELEASE Sale,477
2:REQUEST Sale,253
2:RELEASE Sale,253
3:REQUEST Sale,704
2:REQUEST Sale,236
3:RELEASE Sale,704
3:REQUEST Sale,451
3:RELEASE Sale,451
1:RELEASE Sale,454
0:REQUEST Sale,56
3:REQUEST Sale,409
1:REQUEST Sale,221
0:RELEASE Sale,56
0:REQUEST Sale,238
2:RELEASE Sale,236
2:REQUEST Sale,523
1:RELEASE Sale,221
3:RELEASE Sale,409
3:REQUEST Sale,948
1:REQUEST Sale,477
2:RELEASE Sale,523
2:REQUEST Sale,412
2:RELEASE Sale,412
3:RELEASE Sale,948
0:RELEASE Sale,238
3:REQUEST Sale,778
0:REQUEST Sale,581
2:REQUEST Sale,506
2:RELEASE Sale,506
0:RELEASE Sale,581
2:REQUEST Sale,464
1:RELEASE Sale,477
0:REQUEST Sale,909
3:RELEASE Sale,778
3:REQUEST Sale,464
0:RELEASE Sale,909
3:RELEASE Sale,464
3:REQUEST Sale,701
0:REQUEST Sale,564
3:RELEASE Sale,701
1:REQUEST Sale,56
0:RELEASE Sale,564
1:RELEASE Sale,56
2:RELEASE Sale,464
1:REQUEST Sale,238
0:REQUEST Sale,440
1:RELEASE Sale,238
0:RELEASE Sale,440
3:REQUEST Sale,709
2:REQUEST Sale,809
3:RELEASE Sale,709
2:RELEASE Sale,809
1:REQUEST Sale,581
0:REQUEST Sale,364
0:RELEASE Sale,364
1:RELEASE Sale,581
0:REQUEST Sale,944
1:REQUEST Sale,909
3:REQUEST Sale,144
3:RELEASE Sale,144
0:RELEASE Sale,944
1:RELEASE Sale,909
1:REQUEST Sale,564
2:REQUEST Sale,414
2:RELEASE Sale,414
1:RELEASE Sale,564
1:REQUEST Sale,440
1:RELEASE Sale,440
2:REQUEST Sale,507
1:REQUEST Sale,364
2:RELEASE Sale,507
2:REQUEST Sale,860
2:RELEASE Sale,860
2:REQUEST Sale,630
0:REQUEST Sale,14
2:RELEASE Sale,630
2:REQUEST Sale,825
1:RELEASE Sale,364
1:REQUEST Sale,944
0:RELEASE Sale,14
2:RELEASE Sale,825
2:REQUEST Sale,379
0:REQUEST Sale,451
2:RELEASE Sale,379
2:REQUEST Sale,934
0:RELEASE Sale,451
1:RELEASE Sale,944
0:REQUEST Sale,657
3:REQUEST Sale,867
0:RELEASE Sale,657
3:RELEASE Sale,867
3:REQUEST Sale,410
2:RELEASE Sale,934
2:REQUEST Sale,269
3:RELEASE Sale,410
0:REQUEST Sale,766
0:RELEASE Sale,766
1:REQUEST Sale,14
1:RELEASE Sale,14
1:REQUEST Sale,451
2:RELEASE Sale,269
0:REQUEST Sale,32
1:RELEASE Sale,451
0:RELEASE Sale,32
1:REQUEST Sale,657
1:RELEASE Sale,657
3:REQUEST Sale,31
3:RELEASE Sale,31
0:REQUEST Sale,851
2:REQUEST Sale,904
2:RELEASE Sale,904
0:RELEASE Sale,851
1:REQUEST Sale,766
0:REQUEST Sale,322
0:RELEASE Sale,322
0:REQUEST Sale,628
3:REQUEST Sale,659
2:REQUEST Sale,728
2:RELEASE Sale,728
1:RELEASE Sale,766
0:RELEASE Sale,628
0:REQUEST Sale,278
0:RELEASE Sale,278
3:RELEASE Sale,659
1:REQUEST Sale,32
1:RELEASE Sale,32
0:REQUEST Sale,116
1:REQUEST Sale,851
1:RELEASE Sale,851
3:REQUEST Sale,471
3:RELEASE Sale,471
0:RELEASE Sale,116
3:REQUEST Sale,517
3:RELEASE Sale,517
2:REQUEST Sale,887
0:REQUEST Sale,103
1:REQUEST Sale,322
0:RELEASE Sale,103
0:REQUEST Sale,322
0:RELEASE Sale,322
0:REQUEST Sale,197
0:RELEASE Sale,197
1:RELEASE Sale,322
2:RELEASE Sale,887
1:REQUEST Sale,628
0:REQUEST Sale,43
0:RELEASE Sale,43
3:REQUEST Sale,642
0:REQUEST Sale,945
2:REQUEST Sale,697
2:RELEASE Sale,697
0:RELEASE Sale,945
1:RELEASE Sale,628
0:REQUEST Sale,422
1:REQUEST Sale,278
0:RELEASE Sale,422
3:RELEASE Sale,642
2:REQUEST Sale,449
0:REQUEST Sale,165
0:RELEASE Sale,165
3:REQUEST Sale,634
0:REQUEST Sale,791
3:RELEASE Sale,634
2:RELEASE Sale,449
3:REQUEST Sale,456
1:RELEASE Sale,278
3:RELEASE Sale,456
2:REQUEST Sale,5
1:REQUEST Sale,116
1:RELEASE Sale,116
2:RELEASE Sale,5
1:REQUEST Sale,103
3:REQUEST Sale,780
1:RELEASE Sale,103
2:REQUEST Sale,105
0:RELEASE Sale,791
3:RELEASE Sale,780
3:REQUEST Sale,746
3:RELEASE Sale,746
0:REQUEST Sale,845
2:RELEASE Sale,105
3:REQUEST Sale,750
1:REQUEST Sale,322
1:RELEASE Sale,322
0:RELEASE Sale,845
2:REQUEST Sale,390
0:REQUEST Sale,879
0:RELEASE Sale,879
2:RELEASE Sale,390
0:REQUEST Sale,973
1:REQUEST Sale,197
0:RELEASE Sale,973
0:REQUEST Sale,614
3:RELEASE Sale,750
1:RELEASE Sale,197
2:REQUEST Sale,927
0:RELEASE Sale,614
2:RELEASE Sale,927
2:REQUEST Sale,776
1:REQUEST Sale,43
1:RELEASE Sale,43
3:REQUEST Sale,42
1:REQUEST Sale,945
2:RELEASE Sale,776
2:REQUEST Sale,402
3:RELEASE Sale,42
2:RELEASE Sale,402
0:REQUEST Sale,465
1:RELEASE Sale,945
0:RELEASE Sale,465
1:REQUEST Sale,422
3:REQUEST Sale,505
2:REQUEST Sale,855
1:RELEASE Sale,422
1:REQUEST Sale,165
1:RELEASE Sale,165
2:RELEASE Sale,855
2:REQUEST Sale,648
3:RELEASE Sale,505
3:REQUEST Sale,305
1:REQUEST Sale,791
1:RELEASE Sale,791
3:RELEASE Sale,305
2:RELEASE Sale,648
3:REQUEST Sale,657
3:RELEASE Sale,657
0:REQUEST Sale,260
2:REQUEST Sale,266
1:REQUEST Sale,845
0:RELEASE Sale,260
1:RELEASE Sale,845
1:REQUEST Sale,879
0:REQUEST Sale,298
0:RELEASE Sale,298
1:RELEASE Sale,879
1:REQUEST Sale,973
2:RELEASE Sale,266
1:RELEASE Sale,973
1:REQUEST Sale,614
3:REQUEST Sale,319
0:REQUEST Sale,341
2:REQUEST Sale,225
3:RELEASE Sale,319
2:RELEASE Sale,225
3:REQUEST Sale,26
0:RELEASE Sale,341
2:REQUEST Sale,841
0:REQUEST Sale,786
3:RELEASE Sale,26
2:RELEASE Sale,841
0:RELEASE Sale,786
3:REQUEST Sale,796
0:REQUEST Sale,650
0:RELEASE Sale,650
0:REQUEST Sale,363
0:RELEASE Sale,363
2:REQUEST Sale,578
1:RELEASE Sale,614
3:RELEASE Sale,796
2:RELEASE Sale,578
3:REQUEST Sale,54
3:RELEASE Sale,54
0:REQUEST Sale,688
3:REQUEST Sale,421
2:REQUEST Sale,508
2:RELEASE Sale,508
3:RELEASE Sale,421
0:RELEASE Sale,688
2:REQUEST Sale,252
3:REQUEST Sale,359
2:RELEASE Sale,252
3:RELEASE Sale,359
2:REQUEST Sale,751
0:REQUEST Sale,143
0:RELEASE Sale,143
2:RELEASE Sale,751
1:REQUEST Sale,465
0:REQUEST Sale,828
2:REQUEST Sale,422
3:REQUEST Sale,610
1:RELEASE Sale,465
0:RELEASE Sale,828
1:REQUEST Sale,260
3:RELEASE Sale,610
2:RELEASE Sale,422
3:REQUEST Sale,85
2:REQUEST Sale,281
1:RELEASE Sale,260
2:RELEASE Sale,281
0:REQUEST Sale,524
3:RELEASE Sale,85
3:REQUEST Sale,581
0:RELEASE Sale,524
1:REQUEST Sale,298
1:RELEASE Sale,298
3:RELEASE Sale,581
1:REQUEST Sale,341
1:RELEASE Sale,341
0:REQUEST Sale,255
2:REQUEST Sale,220
2:RELEASE Sale,220
0:RELEASE Sale,255
1:REQUEST Sale,786
3:REQUEST Sale,271
1:RELEASE Sale,786
2:REQUEST Sale,415
1:REQUEST Sale,650
0:REQUEST Sale,574
1:RELEASE Sale,650
2:RELEASE Sale,415
3:RELEASE Sale,271
3:REQUEST Sale,31
0:RELEASE Sale,574
2:REQUEST Sale,673
1:REQUEST Sale,363
3:RELEASE Sale,31
3:REQUEST Sale,286
1:RELEASE Sale,363
0:REQUEST Sale,157
1:REQUEST Sale,688
0:RELEASE Sale,157
1:RELEASE Sale,688
2:RELEASE Sale,673
1:REQUEST Sale,143
2:REQUEST Sale,558
1:RELEASE Sale,143
3:RELEASE Sale,286
0:REQUEST Sale,565
0:RELEASE Sale,565
3:REQUEST Sale,784
0:REQUEST Sale,225
1:REQUEST Sale,828
2:RELEASE Sale,558
2:REQUEST Sale,765
1:RELEASE Sale,828
0:RELEASE Sale,225
3:RELEASE Sale,784
3:REQUEST Sale,350
0:REQUEST Sale,849
0:RELEASE Sale,849
3:RELEASE Sale,350
0:REQUEST Sale,969
3:REQUEST Sale,879
2:RELEASE Sale,765
1:REQUEST Sale,524
3:RELEASE Sale,879
2:REQUEST Sale,226
3:REQUEST Sale,815
3:RELEASE Sale,815
3:REQUEST Sale,404
1:RELEASE Sale,524
0:RELEASE Sale,969
1:REQUEST Sale,255
1:RELEASE Sale,255
0:REQUEST Sale,519
2:RELEASE Sale,226
3:RELEASE Sale,404
1:REQUEST Sale,574
0:RELEASE Sale,519
3:REQUEST Sale,87
0:REQUEST Sale,266
3:RELEASE Sale,87
3:REQUEST Sale,653
1:RELEASE Sale,574
0:RELEASE Sale,266
1:REQUEST Sale,157
3:RELEASE Sale,653
3:REQUEST Sale,515
1:RELEASE Sale,157
1:REQUEST Sale,565
1:RELEASE Sale,565
3:RELEASE Sale,515
0:REQUEST Sale,461
3:REQUEST Sale,428
2:REQUEST Sale,683
3:RELEASE Sale,428
2:RELEASE Sale,683
3:REQUEST Sale,466
3:RELEASE Sale,466
0:RELEASE Sale,461
3:REQUEST Sale,827
1:REQUEST Sale,225
2:REQUEST Sale,565
2:RELEASE Sale,565
0:REQUEST Sale,857
2:REQUEST Sale,822
0:RELEASE Sale,857
1:RELEASE Sale,225
3:RELEASE Sale,827
1:REQUEST Sale,849
1:RELEASE Sale,849
2:RELEASE Sale,822
3:REQUEST Sale,361
2:REQUEST Sale,768
2:RELEASE Sale,768
0:REQUEST Sale,330
1:REQUEST Sale,969
0:RELEASE Sale,330
2:REQUEST Sale,670
2:RELEASE Sale,670
0:REQUEST Sale,776
0:RELEASE Sale,776
2:REQUEST Sale,713
0:REQUEST Sale,991
2:RELEASE Sale,713
0:RELEASE Sale,991
2:REQUEST Sale,601
0:REQUEST Sale,957
3:RELEASE Sale,361
2:RELEASE Sale,601
1:RELEASE Sale,969
3:REQUEST Sale,662
3:RELEASE Sale,662
2:REQUEST Sale,673
1:REQUEST Sale,519
3:REQUEST Sale,683
3:RELEASE Sale,683
0:RELEASE Sale,957
0:REQUEST Sale,542
3:REQUEST Sale,812
3:RELEASE Sale,812
1:RELEASE Sale,519
1:REQUEST Sale,266
0:RELEASE Sale,542
3:REQUEST Sale,158
3:RELEASE Sale,158
2:RELEASE Sale,673
1:RELEASE Sale,266
2:REQUEST Sale,941
0:REQUEST Sale,828
3:REQUEST Sale,614
2:RELEASE Sale,941
2:REQUEST Sale,476
2:RELEASE Sale,476
2:REQUEST Sale,616
3:RELEASE Sale,614
1:REQUEST Sale,461
1:RELEASE Sale,461
1:REQUEST Sale,857
1:RELEASE Sale,857
2:RELEASE Sale,616
1:REQUEST Sale,330
1:RELEASE Sale,330
2:REQUEST Sale,185
2:RELEASE Sale,185
0:RELEASE Sale,828
2:REQUEST Sale,606
1:REQUEST Sale,776
1:RELEASE Sale,776
3:REQUEST Sale,951
0:REQUEST Sale,202
3:RELEASE Sale,951
1:REQUEST Sale,991
1:RELEASE Sale,991
0:RELEASE Sale,202
1:REQUEST Sale,957
0:REQUEST Sale,428
1:RELEASE Sale,957
3:REQUEST Sale,629
0:RELEASE Sale,428
1:REQUEST Sale,542
3:RELEASE Sale,629
1:RELEASE Sale,542
1:REQUEST Sale,828
0:REQUEST Sale,52
2:RELEASE Sale,606
2:REQUEST Sale,532
2:RELEASE Sale,532
1:RELEASE Sale,828
2:REQUEST Sale,717
1:REQUEST Sale,202
2:RELEASE Sale,717
2:REQUEST Sale,595
3:REQUEST Sale,416
2:RELEASE Sale,595
1:RELEASE Sale,202
1:REQUEST Sale,428
3:RELEASE Sale,416
3:REQUEST Sale,104
0:RELEASE Sale,52
0:REQUEST Sale,483
1:RELEASE Sale,428
1:REQUEST Sale,52
0:RELEASE Sale,483
1:RELEASE Sale,52
0:REQUEST Sale,761
2:REQUEST Sale,918
3:RELEASE Sale,104
2:RELEASE Sale,918
3:REQUEST Sale,667
3:RELEASE Sale,667
3:REQUEST Sale,675
2:REQUEST Sale,869
1:REQUEST Sale,483
3:RELEASE Sale,675
2:RELEASE Sale,869
0:RELEASE Sale,761
0:REQUEST Sale,536
0:RELEASE Sale,536
3:REQUEST Sale,393
1:RELEASE Sale,483
2:REQUEST Sale,67
0:REQUEST Sale,791
1:REQUEST Sale,761
2:RELEASE Sale,67
1:RELEASE Sale,761
2:REQUEST Sale,814
0:RELEASE Sale,791
0:REQUEST Sale,452
3:RELEASE Sale,393
0:RELEASE Sale,452
3:REQUEST Sale,955
0:REQUEST Sale,197
3:RELEASE Sale,955
3:REQUEST Sale,387
0:RELEASE Sale,197
3:RELEASE Sale,387
0:REQUEST Sale,28
3:REQUEST Sale,982
2:RELEASE Sale,814
2:REQUEST Sale,535
3:RELEASE Sale,982
3:REQUEST Sale,588
2:RELEASE Sale,535
3:RELEASE Sale,588
0:RELEASE Sale,28
1:REQUEST Sale,536
3:REQUEST Sale,136
0:REQUEST Sale,701
1:RELEASE Sale,536
1:REQUEST Sale,791
1:RELEASE Sale,791
2:REQUEST Sale,96
2:RELEASE Sale,96
2:REQUEST Sale,854
0:RELEASE Sale,701
0:REQUEST Sale,876
0:RELEASE Sale,876
3:RELEASE Sale,136
2:RELEASE Sale,854
2:REQUEST Sale,925
3:REQUEST Sale,475
0:REQUEST Sale,332
0:RELEASE Sale,332
1:REQUEST Sale,452
3:RELEASE Sale,475
2:RELEASE Sale,925
1:RELEASE Sale,452
1:REQUEST Sale,197
3:REQUEST Sale,442
2:REQUEST Sale,120
1:RELEASE Sale,197
2:RELEASE Sale,120
3:RELEASE Sale,442
1:REQUEST Sale,28
1:RELEASE Sale,28
2:REQUEST Sale,264
3:REQUEST Sale,103
0:REQUEST Sale,175
3:RELEASE Sale,103
0:RELEASE Sale,175
1:REQUEST Sale,701
0:REQUEST Sale,132
1:RELEASE Sale,701
1:REQUEST Sale,876
2:RELEASE Sale,264
0:RELEASE Sale,132
1:RELEASE Sale,876
1:REQUEST Sale,332
1:RELEASE Sale,332
1:REQUEST Sale,175
1:RELEASE Sale,175
3:REQUEST Sale,146
1:REQUEST Sale,132
3:RELEASE Sale,146
1:RELEASE Sale,132
0:REQUEST Sale,29
0:RELEASE Sale,29
1:REQUEST Sale,29
2:REQUEST Sale,452
3:REQUEST Sale,958
2:RELEASE Sale,452
2:REQUEST Sale,575
0:REQUEST Sale,424
2:RELEASE Sale,575
3:RELEASE Sale,958
1:RELEASE Sale,29
0:RELEASE Sale,424
2:REQUEST Sale,993
1:REQUEST Sale,424
0:REQUEST Sale,354
2:RELEASE Sale,993
0:RELEASE Sale,354
2:REQUEST Sale,253
0:REQUEST Sale,483
2:RELEASE Sale,253
2:REQUEST Sale,583
1:RELEASE Sale,424
2:RELEASE Sale,583
3:REQUEST Sale,958
0:RELEASE Sale,483
3:RELEASE Sale,958
3:REQUEST Sale,772
3:RELEASE Sale,772
2:REQUEST Sale,679
2:RELEASE Sale,679
3:REQUEST Sale,663
3:RELEASE Sale,663
1:REQUEST Sale,354
1:RELEASE Sale,354
2:REQUEST Sale,922
0:REQUEST Sale,69
2:RELEASE Sale,922
1:REQUEST Sale,483
0:RELEASE Sale,69
2:REQUEST Sale,954
0:REQUEST Sale,47
2:RELEASE Sale,954
2:REQUEST Sale,296
0:RELEASE Sale,47
0:REQUEST Sale,205
2:RELEASE Sale,296
0:RELEASE Sale,205
3:REQUEST Sale,104
1:RELEASE Sale,483
2:REQUEST Sale,791
3:RELEASE Sale,104
2:RELEASE Sale,791
0:REQUEST Sale,798
1:REQUEST Sale,69
0:RELEASE Sale,798
2:REQUEST Sale,183
3:REQUEST Sale,957
3:RELEASE Sale,957
0:REQUEST Sale,130
2:RELEASE Sale,183
0:RELEASE Sale,130
3:REQUEST Sale,190
1:RELEASE Sale,69
2:REQUEST Sale,296
0:REQUEST Sale,987
0:RELEASE Sale,987
1:REQUEST Sale,47
1:RELEASE Sale,47
3:RELEASE Sale,190
2:RELEASE Sale,296
2:REQUEST Sale,465
1:REQUEST Sale,205
1:RELEASE Sale,205
3:REQUEST Sale,532
1:REQUEST Sale,798
0:REQUEST Sale,256
0:RELEASE Sale,256
0:REQUEST Sale,853
1:RELEASE Sale,798
0:RELEASE Sale,853
0:REQUEST Sale,428
3:RELEASE Sale,532
1:REQUEST Sale,130
0:RELEASE Sale,428
3:REQUEST Sale,178
0:REQUEST Sale,664
3:RELEASE Sale,178
3:REQUEST Sale,538
1:RELEASE Sale,130
2:RELEASE Sale,465
2:REQUEST Sale,21
2:RELEASE Sale,21
2:REQUEST Sale,594
2:RELEASE Sale,594
2:REQUEST Sale,438
2:RELEASE Sale,438
3:RELEASE Sale,538
2:REQUEST Sale,702
0:RELEASE Sale,664
2:RELEASE Sale,702
3:REQUEST Sale,557
1:REQUEST Sale,987
0:REQUEST Sale,709
2:REQUEST Sale,64
1:RELEASE Sale,987
1:REQUEST Sale,256
3:RELEASE Sale,557
3:REQUEST Sale,176
1:RELEASE Sale,256
2:RELEASE Sale,64
2:REQUEST Sale,637
0:RELEASE Sale,709
3:RELEASE Sale,176
2:RELEASE Sale,637
0:REQUEST Sale,114
3:REQUEST Sale,74
3:RELEASE Sale,74
1:REQUEST Sale,853
1:RELEASE Sale,853
2:REQUEST Sale,248
0:RELEASE Sale,114
3:REQUEST Sale,817
2:RELEASE Sale,248
3:RELEASE Sale,817
0:REQUEST Sale,643
2:REQUEST Sale,481
1:REQUEST Sale,428
3:REQUEST Sale,814
0:RELEASE Sale,643
0:REQUEST Sale,957
2:RELEASE Sale,481
0:RELEASE Sale,957
1:RELEASE Sale,428
2:REQUEST Sale,363
1:REQUEST Sale,664
2:RELEASE Sale,363
1:RELEASE Sale,664
1:REQUEST Sale,709
1:RELEASE Sale,709
2:REQUEST Sale,826
1:REQUEST Sale,114
2:RELEASE Sale,826
0:REQUEST Sale,595
0:RELEASE Sale,595
3:RELEASE Sale,814
1:RELEASE Sale,114
1:REQUEST Sale,643
3:REQUEST Sale,455
3:RELEASE Sale,455
1:RELEASE Sale,643
0:REQUEST Sale,909
1:REQUEST Sale,957
1:RELEASE Sale,957
0:RELEASE Sale,909
0:REQUEST Sale,359
0:RELEASE Sale,359
1:REQUEST Sale,595
1:RELEASE Sale,595
3:REQUEST Sale,324
2:REQUEST Sale,524
2:RELEASE Sale,524
0:REQUEST Sale,857
2:REQUEST Sale,977
0:RELEASE Sale,857
0:REQUEST Sale,412
0:RELEASE Sale,412
1:REQUEST Sale,909
2:RELEASE Sale,977
2:REQUEST Sale,863
2:RELEASE Sale,863
1:RELEASE Sale,909
2:REQUEST Sale,529
0:REQUEST Sale,997
2:RELEASE Sale,529
2:REQUEST Sale,364
2:RELEASE Sale,364
0:RELEASE Sale,997
3:RELEASE Sale,324
1:REQUEST Sale,359
2:REQUEST Sale,407
1:RELEASE Sale,359
3:REQUEST Sale,209
3:RELEASE Sale,209
3:REQUEST Sale,681
3:RELEASE Sale,681
2:RELEASE Sale,407
3:REQUEST Sale,582
0:REQUEST Sale,135
1:REQUEST Sale,857
3:RELEASE Sale,582
0:RELEASE Sale,135
3:REQUEST Sale,930
2:REQUEST Sale,816
1:RELEASE Sale,857
2:RELEASE Sale,816
1:REQUEST Sale,412
1:RELEASE Sale,412
3:RELEASE Sale,930
0:REQUEST Sale,164
0:RELEASE Sale,164
2:REQUEST Sale,693
0:REQUEST Sale,232
0:RELEASE Sale,232
2:RELEASE Sale,693
2:REQUEST Sale,877
0:REQUEST Sale,541
2:RELEASE Sale,877
1:REQUEST Sale,997
1:RELEASE Sale,997
2:REQUEST Sale,197
1:REQUEST Sale,135
3:REQUEST Sale,437
3:RELEASE Sale,437
1:RELEASE Sale,135
3:REQUEST Sale,744
0:RELEASE Sale,541
0:REQUEST Sale,241
1:REQUEST Sale,164
0:RELEASE Sale,241
0:REQUEST Sale,951
0:RELEASE Sale,951
1:RELEASE Sale,164
2:RELEASE Sale,197
3:RELEASE Sale,744
2:REQUEST Sale,886
3:REQUEST Sale,910
1:REQUEST Sale,232
3:RELEASE Sale,910
3:REQUEST Sale,859
3:RELEASE Sale,859
0:REQUEST Sale,699
3:REQUEST Sale,297
2:RELEASE Sale,886
3:RELEASE Sale,297
1:RELEASE Sale,232
3:REQUEST Sale,242
2:REQUEST Sale,691
1:REQUEST Sale,541
1:RELEASE Sale,541
0:RELEASE Sale,699
3:RELEASE Sale,242
2:RELEASE Sale,691
1:REQUEST Sale,241
0:REQUEST Sale,81
1:RELEASE Sale,241
3:REQUEST Sale,737
2:REQUEST Sale,262
2:RELEASE Sale,262
0:RELEASE Sale,81
2:REQUEST Sale,443
1:REQUEST Sale,951
0:REQUEST Sale,536
1:RELEASE Sale,951
1:REQUEST Sale,699
0:RELEASE Sale,536
3:RELEASE Sale,737
3:REQUEST Sale,474
2:RELEASE Sale,443
1:RELEASE Sale,699
0:REQUEST Sale,672
1:REQUEST Sale,81
1:RELEASE Sale,81
1:REQUEST Sale,536
3:RELEASE Sale,474
0:RELEASE Sale,672
1:RELEASE Sale,536
2:REQUEST Sale,195
3:REQUEST Sale,698
1:REQUEST Sale,672
0:REQUEST Sale,210
2:RELEASE Sale,195
0:RELEASE Sale,210
3:RELEASE Sale,698
1:RELEASE Sale,672
1:REQUEST Sale,210
1:RELEASE Sale,210
0:REQUEST Sale,564
3:REQUEST Sale,585
0:RELEASE Sale,564
2:REQUEST Sale,920
0:REQUEST Sale,51
3:RELEASE Sale,585
3:REQUEST Sale,802
2:RELEASE Sale,920
2:REQUEST Sale,908
3:RELEASE Sale,802
0:RELEASE Sale,51
2:RELEASE Sale,908
3:REQUEST Sale,86
0:REQUEST Sale,94
1:REQUEST Sale,564
3:RELEASE Sale,86
1:RELEASE Sale,564
3:REQUEST Sale,478
1:REQUEST Sale,51
2:REQUEST Sale,175
3:RELEASE Sale,478
0:RELEASE Sale,94
0:REQUEST Sale,763
3:REQUEST Sale,302
3:RELEASE Sale,302
0:RELEASE Sale,763
1:RELEASE Sale,51
1:REQUEST Sale,94
3:REQUEST Sale,905
1:RELEASE Sale,94
1:REQUEST Sale,763
3:RELEASE Sale,905
0:REQUEST Sale,152
1:RELEASE Sale,763
1:REQUEST Sale,152
2:RELEASE Sale,175
3:REQUEST Sale,714
2:REQUEST Sale,156
1:RELEASE Sale,152
2:RELEASE Sale,156
0:RELEASE Sale,152
1:REQUEST Sale,233
2:REQUEST Sale,366
0:REQUEST Sale,233
0:RELEASE Sale,233
1:RELEASE Sale,233
2:RELEASE Sale,366
2:REQUEST Sale,218
0:REQUEST Sale,438
3:RELEASE Sale,714
2:RELEASE Sale,218
0:RELEASE Sale,438
2:REQUEST Sale,440
3:REQUEST Sale,867
0:REQUEST Sale,826
0:RELEASE Sale,826
2:RELEASE Sale,440
1:REQUEST Sale,438
2:REQUEST Sale,617
2:RELEASE Sale,617
3:RELEASE Sale,867
2:REQUEST Sale,379
2:RELEASE Sale,379
2:REQUEST Sale,134
3:REQUEST Sale,622
3:RELEASE Sale,622
0:REQUEST Sale,728
3:REQUEST Sale,700
3:RELEASE Sale,700
3:REQUEST Sale,472
3:REQUEST Sale_index,0
3:RELEASE Sale_index,0
2:REQUEST Sale_index,0
0:REQUEST Sale_index,0
3:REQUEST Sale_index,1
2:RELEASE Sale_index,0
0:RELEASE Sale_index,0
1:REQUEST Sale_index,0
0:REQUEST Sale_index,1
2:REQUEST Sale_index,1
2:RELEASE Sale_index,1
3:RELEASE Sale_index,1
1:RELEASE Sale_index,0
1:REQUEST Sale_index,1
0:RELEASE Sale_index,1
0:REQUEST Sale_index,2
0:RELEASE Sale_index,2
0:REQUEST Sale_index,3
2:REQUEST Sale_index,2
1:RELEASE Sale_index,1
2:RELEASE Sale_index,2
0:RELEASE Sale_index,3
3:REQUEST Sale_index,2
2:REQUEST Sale_index,3
3:RELEASE Sale_index,2
0:REQUEST Sale,834
0:RELEASE Sale,834
1:REQUEST Sale_index,2
3:REQUEST Sale_index,3
2:RELEASE Sale_index,3
3:RELEASE Sale_index,3
2:REQUEST Sale,699
1:RELEASE Sale_index,2
1:REQUEST Sale_index,3
3:REQUEST Sale,598
0:REQUEST Sale,770
3:RELEASE Sale,598
1:RELEASE Sale_index,3
3:REQUEST Sale,731
3:RELEASE Sale,731
1:REQUEST Sale,834
3:REQUEST Sale,197
1:RELEASE Sale,834
1:REQUEST Sale,770
2:RELEASE Sale,699
3:RELEASE Sale,197
0:RELEASE Sale,770
1:RELEASE Sale,770
3:REQUEST Sale,603
2:REQUEST Sale,287
2:RELEASE Sale,287
3:RELEASE Sale,603
3:REQUEST Sale,311
1:REQUEST Sale,574
2:REQUEST Sale,511
3:RELEASE Sale,311
3:REQUEST Sale,267
0:REQUEST Sale,574
0:RELEASE Sale,574
3:RELEASE Sale,267
3:REQUEST Sale,35
0:REQUEST Sale,188
0:RELEASE Sale,188
0:REQUEST Sale,454
1:RELEASE Sale,574
2:RELEASE Sale,511
1:REQUEST Sale,188
1:RELEASE Sale,188
3:RELEASE Sale,35
0:RELEASE Sale,454
0:REQUEST Sale,221
2:REQUEST Sale,302
2:RELEASE Sale,302
2:REQUEST Sale,677
1:REQUEST Sale,454
2:RELEASE Sale,677
0:RELEASE Sale,221
0:REQUEST Sale,477
0:RELEASE Sale,477
2:REQUEST Sale,253
2:RELEASE Sale,253
3:REQUEST Sale,704
2:REQUEST Sale,236
3:RELEASE Sale,704
3:REQUEST Sale,451
3:RELEASE Sale,451
1:RELEASE Sale,454
0:REQUEST Sale,56
3:REQUEST Sale,409
1:REQUEST Sale,221
0:RELEASE Sale,56
0:REQUEST Sale,238
2:RELEASE Sale,236
2:REQUEST Sale,523
1:RELEASE Sale,221
3:RELEASE Sale,409
3:REQUEST Sale,948
1:REQUEST Sale,477
2:RELEASE Sale,523
2:REQUEST Sale,412
2:RELEASE Sale,412
3:RELEASE Sale,948
0:RELEASE Sale,238
3:REQUEST Sale,778
0:REQUEST Sale,581
2:REQUEST Sale,506
2:RELEASE Sale,506
0:RELEASE Sale,581
2:REQUEST Sale,464
1:RELEASE Sale,477
0:REQUEST Sale,909
3:RELEASE Sale,778
3:REQUEST Sale,464
0:RELEASE Sale,909
3:RELEASE Sale,464
3:REQUEST Sale,701
0:REQUEST Sale,564
3:RELEASE Sale,701
1:REQUEST Sale,56
0:RELEASE Sale,564
1:RELEASE Sale,56
2:RELEASE Sale,464
1:REQUEST Sale,238
0:REQUEST Sale,440
1:RELEASE Sale,238
0:RELEASE Sale,440
3:REQUEST Sale,709
2:REQUEST Sale,809
3:RELEASE Sale,709
2:RELEASE Sale,809
1:REQUEST Sale,581
0:REQUEST Sale,364
0:RELEASE Sale,364
1:RELEASE Sale,581
0:REQUEST Sale,944
1:REQUEST Sale,909
3:REQUEST Sale,144
3:RELEASE Sale,144
0:RELEASE Sale,944
1:RELEASE Sale,909
1:REQUEST Sale,564
2:REQUEST Sale,414
2:RELEASE Sale,414
1:RELEASE Sale,564
1:REQUEST Sale,440
1:RELEASE Sale,440
2:REQUEST Sale,507
1:REQUEST Sale,364
2:RELEASE Sale,507
2:REQUEST Sale,860
2:RELEASE Sale,860
2:REQUEST Sale,630
0:REQUEST Sale,14
2:RELEASE Sale,630
2:REQUEST Sale,825
1:RELEASE Sale,364
1:REQUEST Sale,944
0:RELEASE Sale,14
2:RELEASE Sale,825
2:REQUEST Sale,379
0:REQUEST Sale,451
2:RELEASE Sale,379
2:REQUEST Sale,934
0:RELEASE Sale,451
1:RELEASE Sale,944
0:REQUEST Sale,657
3:REQUEST Sale,867
0:RELEASE Sale,657
3:RELEASE Sale,867
3:REQUEST Sale,410
2:RELEASE Sale,934
2:REQUEST Sale,269
3:RELEASE Sale,410
0:REQUEST Sale,766
0:RELEASE Sale,766
1:REQUEST Sale,14
1:RELEASE Sale,14
1:REQUEST Sale,451
2:RELEASE Sale,269
0:REQUEST Sale,32
1:RELEASE Sale,451
0:RELEASE Sale,32
1:REQUEST Sale,657
1:RELEASE Sale,657
3:REQUEST Sale,31
3:RELEASE Sale,31
0:REQUEST Sale,851
2:REQUEST Sale,904
2:RELEASE Sale,904
0:RELEASE Sale,851
1:REQUEST Sale,766
0:REQUEST Sale,322
0:RELEASE Sale,322
0:REQUEST Sale,628
3:REQUEST Sale,659
2:REQUEST Sale,728
2:RELEASE Sale,728
1:RELEASE Sale,766
0:RELEASE Sale,628
0:REQUEST Sale,278
0:RELEASE Sale,278
3:RELEASE Sale,659
1:REQUEST Sale,32
1:RELEASE Sale,32
0:REQUEST Sale,116
1:REQUEST Sale,851
1:RELEASE Sale,851
3:REQUEST Sale,471
3:RELEASE Sale,471
0:RELEASE Sale,116
3:REQUEST Sale,517
3:RELEASE Sale,517
2:REQUEST Sale,887
0:REQUEST Sale,103
1:REQUEST Sale,322
0:RELEASE Sale,103
0:REQUEST Sale,322
0:RELEASE Sale,322
0:REQUEST Sale,197
0:RELEASE Sale,197
1:RELEASE Sale,322
2:RELEASE Sale,887
1:REQUEST Sale,628
0:REQUEST Sale,43
0:RELEASE Sale,43
3:REQUEST Sale,642
0:REQUEST Sale,945
2:REQUEST Sale,697
2:RELEASE Sale,697
0:RELEASE Sale,945
1:RELEASE Sale,628
0:REQUEST Sale,422
1:REQUEST Sale,278
0:RELEASE Sale,422
3:RELEASE Sale,642
2:REQUEST Sale,449
0:REQUEST Sale,165
0:RELEASE Sale,165
3:REQUEST Sale,634
0:REQUEST Sale,791
3:RELEASE Sale,634
2:RELEASE Sale,449
3:REQUEST Sale,456
1:RELEASE Sale,278
3:RELEASE Sale,456
2:REQUEST Sale,5
1:REQUEST Sale,116
1:RELEASE Sale,116
2:RELEASE Sale,5
1:REQUEST Sale,103
3:REQUEST Sale,780
1:RELEASE Sale,103
2:REQUEST Sale,105
0:RELEASE Sale,791
3:RELEASE Sale,780
3:REQUEST Sale,746
3:RELEASE Sale,746
0:REQUEST Sale,845
2:RELEASE Sale,105
3:REQUEST Sale,750
1:REQUEST Sale,322
1:RELEASE Sale,322
0:RELEASE Sale,845
2:REQUEST Sale,390
0:REQUEST Sale,879
0:RELEASE Sale,879
2:RELEASE Sale,390
0:REQUEST Sale,973
1:REQUEST Sale,197
0:RELEASE Sale,973
0:REQUEST Sale,614
3:RELEASE Sale,750
1:RELEASE Sale,197
2:REQUEST Sale,927
0:RELEASE Sale,614
2:RELEASE Sale,927
2:REQUEST Sale,776
1:REQUEST Sale,43
1:RELEASE Sale,43
3:REQUEST Sale,42
1:REQUEST Sale,945
2:RELEASE Sale,776
2:REQUEST Sale,402
3:RELEASE Sale,42
2:RELEASE Sale,402
0:REQUEST Sale,465
1:RELEASE Sale,945
0:RELEASE Sale,465
1:REQUEST Sale,422
3:REQUEST Sale,505
2:REQUEST Sale,855
1:RELEASE Sale,422
1:REQUEST Sale,165
1:RELEASE Sale,165
2:RELEASE Sale,855
2:REQUEST Sale,648
3:RELEASE Sale,505
3:REQUEST Sale,305
1:REQUEST Sale,791
1:RELEASE Sale,791
3:RELEASE Sale,305
2:RELEASE Sale,648
3:REQUEST Sale,657
3:RELEASE Sale,657
0:REQUEST Sale,260
2:REQUEST Sale,266
1:REQUEST Sale,845
0:RELEASE Sale,260
1:RELEASE Sale,845
1:REQUEST Sale,879
0:REQUEST Sale,298
0:RELEASE Sale,298
1:RELEASE Sale,879
1:REQUEST Sale,973
2:RELEASE Sale,266
1:RELEASE Sale,973
1:REQUEST Sale,614
3:REQUEST Sale,319
0:REQUEST Sale,341
2:REQUEST Sale,225
3:RELEASE Sale,319
2:RELEASE Sale,225
3:REQUEST Sale,26
0:RELEASE Sale,341
2:REQUEST Sale,841
0:REQUEST Sale,786
3:RELEASE Sale,26
2:RELEASE Sale,841
0:RELEASE Sale,786
3:REQUEST Sale,796
0:REQUEST Sale,650
0:RELEASE Sale,650
0:REQUEST Sale,363
0:RELEASE Sale,363
2:REQUEST Sale,578
1:RELEASE Sale,614
3:RELEASE Sale,796
2:RELEASE Sale,578
3:REQUEST Sale,54
3:RELEASE Sale,54
0:REQUEST Sale,688
3:REQUEST Sale,421
2:REQUEST Sale,508
2:RELEASE Sale,508
3:RELEASE Sale,421
0:RELEASE Sale,688
2:REQUEST Sale,252
3:REQUEST Sale,359
2:RELEASE Sale,252
3:RELEASE Sale,359
2:REQUEST Sale,751
0:REQUEST Sale,143
0:RELEASE Sale,143
2:RELEASE Sale,751
1:REQUEST Sale,465
0:REQUEST Sale,828
2:REQUEST Sale,422
3:REQUEST Sale,610
1:RELEASE Sale,465
0:RELEASE Sale,828
1:REQUEST Sale,260
3:RELEASE Sale,610
2:RELEASE Sale,422
3:REQUEST Sale,85
2:REQUEST Sale,281
1:RELEASE Sale,260
2:RELEASE Sale,281
0:REQUEST Sale,524
3:RELEASE Sale,85
3:REQUEST Sale,581
0:RELEASE Sale,524
1:REQUEST Sale,298
1:RELEASE Sale,298
3:RELEASE Sale,581
1:REQUEST Sale,341
1:RELEASE Sale,341
0:REQUEST Sale,255
2:REQUEST Sale,220
2:RELEASE Sale,220
0:RELEASE Sale,255
1:REQUEST Sale,786
3:REQUEST Sale,271
1:RELEASE Sale,786
2:REQUEST Sale,415
1:REQUEST Sale,650
0:REQUEST Sale,574
1:RELEASE Sale,650
2:RELEASE Sale,415
3:RELEASE Sale,271
3:REQUEST Sale,31
0:RELEASE Sale,574
2:REQUEST Sale,673
1:REQUEST Sale,363
3:RELEASE Sale,31
3:REQUEST Sale,286
1:RELEASE Sale,363
0:REQUEST Sale,157
1:REQUEST Sale,688
0:RELEASE Sale,157
1:RELEASE Sale,688
2:RELEASE Sale,673
1:REQUEST Sale,143
2:REQUEST Sale,558
1:RELEASE Sale,143
3:RELEASE Sale,286
0:REQUEST Sale,565
0:RELEASE Sale,565
3:REQUEST Sale,784
0:REQUEST Sale,225
1:REQUEST Sale,828
2:RELEASE Sale,558
2:REQUEST Sale,765
1:RELEASE Sale,828
0:RELEASE Sale,225
3:RELEASE Sale,784
3:REQUEST Sale,350
0:REQUEST Sale,849
0:RELEASE Sale,849
3:RELEASE Sale,350
0:REQUEST Sale,969
3:REQUEST Sale,879
2:RELEASE Sale,765
1:REQUEST Sale,524
3:RELEASE Sale,879
2:REQUEST Sale,226
3:REQUEST Sale,815
3:RELEASE Sale,815
3:REQUEST Sale,404
1:RELEASE Sale,524
0:RELEASE Sale,969
1:REQUEST Sale,255
1:RELEASE Sale,255
0:REQUEST Sale,519
2:RELEASE Sale,226
3:RELEASE Sale,404
1:REQUEST Sale,574
0:RELEASE Sale,519
3:REQUEST Sale,87
0:REQUEST Sale,266
3:RELEASE Sale,87
3:REQUEST Sale,653
1:RELEASE Sale,574
0:RELEASE Sale,266
1:REQUEST Sale,157
3:RELEASE Sale,653
3:REQUEST Sale,515
1:RELEASE Sale,157
1:REQUEST Sale,565
1:RELEASE Sale,565
3:RELEASE Sale,515
0:REQUEST Sale,461
3:REQUEST Sale,428
2:REQUEST Sale,683
3:RELEASE Sale,428
2:RELEASE Sale,683
3:REQUEST Sale,466
3:RELEASE Sale,466
0:RELEASE Sale,461
3:REQUEST Sale,827
1:REQUEST Sale,225
2:REQUEST Sale,565
2:RELEASE Sale,565
0:REQUEST Sale,857
2:REQUEST Sale,822
0:RELEASE Sale,857
1:RELEASE Sale,225
3:RELEASE Sale,827
1:REQUEST Sale,849
1:RELEASE Sale,849
2:RELEASE Sale,822
3:REQUEST Sale,361
2:REQUEST Sale,768
2:RELEASE Sale,768
0:REQUEST Sale,330
1:REQUEST Sale,969
0:RELEASE Sale,330
2:REQUEST Sale,670
2:RELEASE Sale,670
0:REQUEST Sale,776
0:RELEASE Sale,776
2:REQUEST Sale,713
0:REQUEST Sale,991
2:RELEASE Sale,713
0:RELEASE Sale,991
2:REQUEST Sale,601
0:REQUEST Sale,957
3:RELEASE Sale,361
2:RELEASE Sale,601
1:RELEASE Sale,969
3:REQUEST Sale,662
3:RELEASE Sale,662
2:REQUEST Sale,673
1:REQUEST Sale,519
3:REQUEST Sale,683
3:RELEASE Sale,683
0:RELEASE Sale,957
0:REQUEST Sale,542
3:REQUEST Sale,812
3:RELEASE Sale,812
1:RELEASE Sale,519
1:REQUEST Sale,266
0:RELEASE Sale,542
3:REQUEST Sale,158
3:RELEASE Sale,158
2:RELEASE Sale,673
1:RELEASE Sale,266
2:REQUEST Sale,941
0:REQUEST Sale,828
3:REQUEST Sale,614
2:RELEASE Sale,941
2:REQUEST Sale,476
2:RELEASE Sale,476
2:REQUEST Sale,616
3:RELEASE Sale,614
1:REQUEST Sale,461
1:RELEASE Sale,461
1:REQUEST Sale,857
1:RELEASE Sale,857
2:RELEASE Sale,616
1:REQUEST Sale,330
1:RELEASE Sale,330
2:REQUEST Sale,185
2:RELEASE Sale,185
0:RELEASE Sale,828
2:REQUEST Sale,606
1:REQUEST Sale,776
1:RELEASE Sale,776
3:REQUEST Sale,951
0:REQUEST Sale,202
3:RELEASE Sale,951
1:REQUEST Sale,991
1:RELEASE Sale,991
0:RELEASE Sale,202
1:REQUEST Sale,957
0:REQUEST Sale,428
1:RELEASE Sale,957
3:REQUEST Sale,629
0:RELEASE Sale,428
1:REQUEST Sale,542
3:RELEASE Sale,629
1:RELEASE Sale,542
1:REQUEST Sale,828
0:REQUEST Sale,52
2:RELEASE Sale,606
2:REQUEST Sale,532
2:RELEASE Sale,532
1:RELEASE Sale,828
2:REQUEST Sale,717
1:REQUEST Sale,202
2:RELEASE Sale,717
2:REQUEST Sale,595
3:REQUEST Sale,416
2:RELEASE Sale,595
1:RELEASE Sale,202
1:REQUEST Sale,428
3:RELEASE Sale,416
3:REQUEST Sale,104
0:RELEASE Sale,52
0:REQUEST Sale,483
1:RELEASE Sale,428
1:REQUEST Sale,52
0:RELEASE Sale,483
1:RELEASE Sale,52
0:REQUEST Sale,761
2:REQUEST Sale,918
3:RELEASE Sale,104
2:RELEASE Sale,918
3:REQUEST Sale,667
3:RELEASE Sale,667
3:REQUEST Sale,675
2:REQUEST Sale,869
1:REQUEST Sale,483
3:RELEASE Sale,675
2:RELEASE Sale,869
0:RELEASE Sale,761
0:REQUEST Sale,536
0:RELEASE Sale,536
3:REQUEST Sale,393
1:RELEASE Sale,483
2:REQUEST Sale,67
0:REQUEST Sale,791
1:REQUEST Sale,761
2:RELEASE Sale,67
1:RELEASE Sale,761
2:REQUEST Sale,814
0:RELEASE Sale,791
0:REQUEST Sale,452
3:RELEASE Sale,393
0:RELEASE Sale,452
3:REQUEST Sale,955
0:REQUEST Sale,197
3:RELEASE Sale,955
3:REQUEST Sale,387
0:RELEASE Sale,197
3:RELEASE Sale,387
0:REQUEST Sale,28
3:REQUEST Sale,982
2:RELEASE Sale,814
2:REQUEST Sale,535
3:RELEASE Sale,982
3:REQUEST Sale,588
2:RELEASE Sale,535
3:RELEASE Sale,588
0:RELEASE Sale,28
1:REQUEST Sale,536
3:REQUEST Sale,136
0:REQUEST Sale,701
1:RELEASE Sale,536
1:REQUEST Sale,791
1:RELEASE Sale,791
2:REQUEST Sale,96
2:RELEASE Sale,96
2:REQUEST Sale,854
0:RELEASE Sale,701
0:REQUEST Sale,876
0:RELEASE Sale,876
3:RELEASE Sale,136
2:RELEASE Sale,854
2:REQUEST Sale,925
3:REQUEST Sale,475
0:REQUEST Sale,332
0:RELEASE Sale,332
1:REQUEST Sale,452
3:RELEASE Sale,475
2:RELEASE Sale,925
1:RELEASE Sale,452
1:REQUEST Sale,197
3:REQUEST Sale,442
2:REQUEST Sale,120
1:RELEASE Sale,197
2:RELEASE Sale,120
3:RELEASE Sale,442
1:REQUEST Sale,28
1:RELEASE Sale,28
2:REQUEST Sale,264
3:REQUEST Sale,103
0:REQUEST Sale,175
3:RELEASE Sale,103
0:RELEASE Sale,175
1:REQUEST Sale,701
0:REQUEST Sale,132
1:RELEASE Sale,701
1:REQUEST Sale,876
2:RELEASE Sale,264
0:RELEASE Sale,132
1:RELEASE Sale,876
1:REQUEST Sale,332
1:RELEASE Sale,332
1:REQUEST Sale,175
1:RELEASE Sale,175
3:REQUEST Sale,146
1:REQUEST Sale,132
3:RELEASE Sale,146
1:RELEASE Sale,132
0:REQUEST Sale,29
0:RELEASE Sale,29
1:REQUEST Sale,29
2:REQUEST Sale,452
3:REQUEST Sale,958
2:RELEASE Sale,452
2:REQUEST Sale,575
0:REQUEST Sale,424
2:RELEASE Sale,575
3:RELEASE Sale,958
1:RELEASE Sale,29
0:RELEASE Sale,424
2:REQUEST Sale,993
1:REQUEST Sale,424
0:REQUEST Sale,354
2:RELEASE Sale,993
0:RELEASE Sale,354
2:REQUEST Sale,253
0:REQUEST Sale,483
2:RELEASE Sale,253
2:REQUEST Sale,583
1:RELEASE Sale,424
2:RELEASE Sale,583
3:REQUEST Sale,958
0:RELEASE Sale,483
3:RELEASE Sale,958
3:REQUEST Sale,772
3:RELEASE Sale,772
2:REQUEST Sale,679
2:RELEASE Sale,679
3:REQUEST Sale,663
3:RELEASE Sale,663
1:REQUEST Sale,354
1:RELEASE Sale,354
2:REQUEST Sale,922
0:REQUEST Sale,69
2:RELEASE Sale,922
1:REQUEST Sale,483
0:RELEASE Sale,69
2:REQUEST Sale,954
0:REQUEST Sale,47
2:RELEASE Sale,954
2:REQUEST Sale,296
0:RELEASE Sale,47
0:REQUEST Sale,205
2:RELEASE Sale,296
0:RELEASE Sale,205
3:REQUEST Sale,104
1:RELEASE Sale,483
2:REQUEST Sale,791
3:RELEASE Sale,104
2:RELEASE Sale,791
0:REQUEST Sale,798
1:REQUEST Sale,69
0:RELEASE Sale,798
2:REQUEST Sale,183
3:REQUEST Sale,957
3:RELEASE Sale,957
0:REQUEST Sale,130
2:RELEASE Sale,183
0:RELEASE Sale,130
3:REQUEST Sale,190
1:RELEASE Sale,69
2:REQUEST Sale,296
0:REQUEST Sale,987
0:RELEASE Sale,987
1:REQUEST Sale,47
1:RELEASE Sale,47
3:RELEASE Sale,190
2:RELEASE Sale,296
2:REQUEST Sale,465
1:REQUEST Sale,205
1:RELEASE Sale,205
3:REQUEST Sale,532
1:REQUEST Sale,798
0:REQUEST Sale,256
0:RELEASE Sale,256
0:REQUEST Sale,853
1:RELEASE Sale,798
0:RELEASE Sale,853
0:REQUEST Sale,428
3:RELEASE Sale,532
1:REQUEST Sale,130
0:RELEASE Sale,428
3:REQUEST Sale,178
0:REQUEST Sale,664
3:RELEASE Sale,178
3:REQUEST Sale,538
1:RELEASE Sale,130
2:RELEASE Sale,465
2:REQUEST Sale,21
2:RELEASE Sale,21
2:REQUEST Sale,594
2:RELEASE Sale,594
2:REQUEST Sale,438
2:RELEASE Sale,438
3:RELEASE Sale,538
2:REQUEST Sale,702
0:RELEASE Sale,664
2:RELEASE Sale,702
3:REQUEST Sale,557
1:REQUEST Sale,987
0:REQUEST Sale,709
2:REQUEST Sale,64
1:RELEASE Sale,987
1:REQUEST Sale,256
3:RELEASE Sale,557
3:REQUEST Sale,176
1:RELEASE Sale,256
2:RELEASE Sale,64
2:REQUEST Sale,637
0:RELEASE Sale,709
3:RELEASE Sale,176
2:RELEASE Sale,637
0:REQUEST Sale,114
3:REQUEST Sale,74
3:RELEASE Sale,74
1:REQUEST Sale,853
1:RELEASE Sale,853
2:REQUEST Sale,248
0:RELEASE Sale,114
3:REQUEST Sale,817
2:RELEASE Sale,248
3:RELEASE Sale,817
0:REQUEST Sale,643
2:REQUEST Sale,481
1:REQUEST Sale,428
3:REQUEST Sale,814
0:RELEASE Sale,643
0:REQUEST Sale,957
2:RELEASE Sale,481
0:RELEASE Sale,957
1:RELEASE Sale,428
2:REQUEST Sale,363
1:REQUEST Sale,664
2:RELEASE Sale,363
1:RELEASE Sale,664
1:REQUEST Sale,709
1:RELEASE Sale,709
2:REQUEST Sale,826
1:REQUEST Sale,114
2:RELEASE Sale,826
0:REQUEST Sale,595
0:RELEASE Sale,595
3:RELEASE Sale,814
1:RELEASE Sale,114
1:REQUEST Sale,643
3:REQUEST Sale,455
3:RELEASE Sale,455
1:RELEASE Sale,643
0:REQUEST Sale,909
1:REQUEST Sale,957
1:RELEASE Sale,957
0:RELEASE Sale,909
0:REQUEST Sale,359
0:RELEASE Sale,359
1:REQUEST Sale,595
1:RELEASE Sale,595
3:REQUEST Sale,324
2:REQUEST Sale,524
2:RELEASE Sale,524
0:REQUEST Sale,857
2:REQUEST Sale,977
0:RELEASE Sale,857
0:REQUEST Sale,412
0:RELEASE Sale,412
1:REQUEST Sale,909
2:RELEASE Sale,977
2:REQUEST Sale,863
2:RELEASE Sale,863
1:RELEASE Sale,909
2:REQUEST Sale,529
0:REQUEST Sale,997
2:RELEASE Sale,529
2:REQUEST Sale,364
2:RELEASE Sale,364
0:RELEASE Sale,997
3:RELEASE Sale,324
1:REQUEST Sale,359
2:REQUEST Sale,407
1:RELEASE Sale,359
3:REQUEST Sale,209
3:RELEASE Sale,209
3:REQUEST Sale,681
3:RELEASE Sale,681
2:RELEASE Sale,407
3:REQUEST Sale,582
0:REQUEST Sale,135
1:REQUEST Sale,857
3:RELEASE Sale,582
0:RELEASE Sale,135
3:REQUEST Sale,930
2:REQUEST Sale,816
1:RELEASE Sale,857
2:RELEASE Sale,816
1:REQUEST Sale,412
1:RELEASE Sale,412
3:RELEASE Sale,930
0:REQUEST Sale,164
0:RELEASE Sale,164
2:REQUEST Sale,693
0:REQUEST Sale,232
0:RELEASE Sale,232
2:RELEASE Sale,693
2:REQUEST Sale,877
0:REQUEST Sale,541
2:RELEASE Sale,877
1:REQUEST Sale,997
1:RELEASE Sale,997
2:REQUEST Sale,197
1:REQUEST Sale,135
3:REQUEST Sale,437
3:RELEASE Sale,437
1:RELEASE Sale,135
3:REQUEST Sale,744
0:RELEASE Sale,541
0:REQUEST Sale,241
1:REQUEST Sale,164
0:RELEASE Sale,241
0:REQUEST Sale,951
0:RELEASE Sale,951
1:RELEASE Sale,164
2:RELEASE Sale,197
3:RELEASE Sale,744
2:REQUEST Sale,886
3:REQUEST Sale,910
1:REQUEST Sale,232
3:RELEASE Sale,910
3:REQUEST Sale,859
3:RELEASE Sale,859
0:REQUEST Sale,699
3:REQUEST Sale,297
2:RELEASE Sale,886
3:RELEASE Sale,297
1:RELEASE Sale,232
3:REQUEST Sale,242
2:REQUEST Sale,691
1:REQUEST Sale,541
1:RELEASE Sale,541
0:RELEASE Sale,699
3:RELEASE Sale,242
2:RELEASE Sale,691
1:REQUEST Sale,241
0:REQUEST Sale,81
1:RELEASE Sale,241
3:REQUEST Sale,737
2:REQUEST Sale,262
2:RELEASE Sale,262
0:RELEASE Sale,81
2:REQUEST Sale,443
1:REQUEST Sale,951
0:REQUEST Sale,536
1:RELEASE Sale,951
1:REQUEST Sale,699
0:RELEASE Sale,536
3:RELEASE Sale,737
3:REQUEST Sale,474
2:RELEASE Sale,443
1:RELEASE Sale,699
0:REQUEST Sale,672
1:REQUEST Sale,81
1:RELEASE Sale,81
1:REQUEST Sale,536
3:RELEASE Sale,474
0:RELEASE Sale,672
1:RELEASE Sale,536
2:REQUEST Sale,195
3:REQUEST Sale,698
1:REQUEST Sale,672
0:REQUEST Sale,210
2:RELEASE Sale,195
0:RELEASE Sale,210
3:RELEASE Sale,698
1:RELEASE Sale,672
1:REQUEST Sale,210
1:RELEASE Sale,210
0:REQUEST Sale,564
3:REQUEST Sale,585
0:RELEASE Sale,564
2:REQUEST Sale,920
0:REQUEST Sale,51
3:RELEASE Sale,585
3:REQUEST Sale,802
2:RELEASE Sale,920
2:REQUEST Sale,908
3:RELEASE Sale,802
0:RELEASE Sale,51
2:RELEASE Sale,908
3:REQUEST Sale,86
0:REQUEST Sale,94
1:REQUEST Sale,564
3:RELEASE Sale,86
1:RELEASE Sale,564
3:REQUEST Sale,478
1:REQUEST Sale,51
2:REQUEST Sale,175
3:RELEASE Sale,478
0:RELEASE Sale,94
0:REQUEST Sale,763
3:REQUEST Sale,302
3:RELEASE Sale,302
0:RELEASE Sale,763
1:RELEASE Sale,51
1:REQUEST Sale,94
3:REQUEST Sale,905
1:RELEASE Sale,94
1:REQUEST Sale,763
3:RELEASE Sale,905
0:REQUEST Sale,152
1:RELEASE Sale,763
1:REQUEST Sale,152
2:RELEASE Sale,175
3:REQUEST Sale,714
2:REQUEST Sale,156
1:RELEASE Sale,152
2:RELEASE Sale,156
0:RELEASE Sale,152
1:REQUEST Sale,233
2:REQUEST Sale,366
0:REQUEST Sale,233
0:RELEASE Sale,233
1:RELEASE Sale,233
2:RELEASE Sale,366
2:REQUEST Sale,218
0:REQUEST Sale,438
3:RELEASE Sale,714
2:RELEASE Sale,218
0:RELEASE Sale,438
2:REQUEST Sale,440
3:REQUEST Sale,867
0:REQUEST Sale,826
0:RELEASE Sale,826
2:RELEASE Sale,440
1:REQUEST Sale,438
2:REQUEST Sale,617
2:RELEASE Sale,617
3:RELEASE Sale,867
2:REQUEST Sale,379
2:RELEASE Sale,379
2:REQUEST Sale,134
3:REQUEST Sale,622
3:RELEASE Sale,622
0:REQUEST Sale,728
3:REQUEST Sale,700
3:RELEASE Sale,700
3:REQUEST Sale,472
3:REQUEST Sale_index,0
3:RELEASE Sale_index,0
2:REQUEST Sale_index,0
0:REQUEST Sale_index,0
3:REQUEST Sale_index,1
2:RELEASE Sale_index,0
0:RELEASE Sale_index,0
1:REQUEST Sale_index,0
0:REQUEST Sale_index,1
2:REQUEST Sale_index,1
2:RELEASE Sale_index,1
3:RELEASE Sale_index,1
1:RELEASE Sale_index,0
1:REQUEST Sale_index,1
0:RELEASE Sale_index,1
0:REQUEST Sale_index,2
0:RELEASE Sale_index,2
0:REQUEST Sale_index,3
2:REQUEST Sale_index,2
1:RELEASE Sale_index,1
2:RELEASE Sale_index,2
0:RELEASE Sale_index,3
3:REQUEST Sale_index,2
2:REQUEST Sale_index,3
3:RELEASE Sale_index,2
0:REQUEST Sale,834
0:RELEASE Sale,834
1:REQUEST Sale_index,2
3:REQUEST Sale_index,3
2:RELEASE Sale_index,3
3:RELEASE Sale_index,3
2:REQUEST Sale,699
1:RELEASE Sale_index,2
1:REQUEST Sale_index,3
3:REQUEST Sale,598
0:REQUEST Sale,770
3:RELEASE Sale,598
1:RELEASE Sale_index,3
3:REQUEST Sale,731
3:RELEASE Sale,731
1:REQUEST Sale,834
3:REQUEST Sale,197
1:RELEASE Sale,834
1:REQUEST Sale,770
2:RELEASE Sale,699
3:RELEASE Sale,197
0:RELEASE Sale,770
1:RELEASE Sale,770
3:REQUEST Sale,603
2:REQUEST Sale,287
2:RELEASE Sale,287
3:RELEASE Sale,603
3:REQUEST Sale,311
1:REQUEST Sale,574
2:REQUEST Sale,511
3:RELEASE Sale,311
3:REQUEST Sale,267
0:REQUEST Sale,574
0:RELEASE Sale,574
3:RELEASE Sale,267
3:REQUEST Sale,35
0:REQUEST Sale,188
0:RELEASE Sale,188
0:REQUEST Sale,454
1:RELEASE Sale,574
2:RELEASE Sale,511
1:REQUEST Sale,188
1:RELEASE Sale,188
3:RELEASE Sale,35
0:RELEASE Sale,454
0:REQUEST Sale,221
2:REQUEST Sale,302
2:RELEASE Sale,302
2:REQUEST Sale,677
1:REQUEST Sale,454
2:RELEASE Sale,677
0:RELEASE Sale,221
0:REQUEST Sale,477
0:RELEASE Sale,477
2:REQUEST Sale,253
2:RELEASE Sale,253
3:REQUEST Sale,704
2:REQUEST Sale,236
3:RELEASE Sale,704
3:REQUEST Sale,451
3:RELEASE Sale,451
1:RELEASE Sale,454
0:REQUEST Sale,56
3:REQUEST Sale,409
1:REQUEST Sale,221
0:RELEASE Sale,56
0:REQUEST Sale,238
2:RELEASE Sale,236
2:REQUEST Sale,523
1:RELEASE Sale,221
3:RELEASE Sale,409
3:REQUEST Sale,948
1:REQUEST Sale,477
2:RELEASE Sale,523
2:REQUEST Sale,412
2:RELEASE Sale,412
3:RELEASE Sale,948
0:RELEASE Sale,238
3:REQUEST Sale,778
0:REQUEST Sale,581
2:REQUEST Sale,506
2:RELEASE Sale,506
0:RELEASE Sale,581
2:REQUEST Sale,464
1:RELEASE Sale,477
0:REQUEST Sale,909
3:RELEASE Sale,778
3:REQUEST Sale,464
0:RELEASE Sale,909
3:RELEASE Sale,464
3:REQUEST Sale,701
0:REQUEST Sale,564
3:RELEASE Sale,701
1:REQUEST Sale,56
0:RELEASE Sale,564
1:RELEASE Sale,56
2:RELEASE Sale,464
1:REQUEST Sale,238
0:REQUEST Sale,440
1:RELEASE Sale,238
0:RELEASE Sale,440
3:REQUEST Sale,709
2:REQUEST Sale,809
3:RELEASE Sale,709
2:RELEASE Sale,809
1:REQUEST Sale,581
0:REQUEST Sale,364
0:RELEASE Sale,364
1:RELEASE Sale,581
0:REQUEST Sale,944
1:REQUEST Sale,909
3:REQUEST Sale,144
3:RELEASE Sale,144
0:RELEASE Sale,944
1:RELEASE Sale,909
1:REQUEST Sale,564
2:REQUEST Sale,414
2:RELEASE Sale,414
1:RELEASE Sale,564
1:REQUEST Sale,440
1:RELEASE Sale,440
2:REQUEST Sale,507
1:REQUEST Sale,364
2:RELEASE Sale,507
2:REQUEST Sale,860
2:RELEASE Sale,860
2:REQUEST Sale,630
0:REQUEST Sale,14
2:RELEASE Sale,630
2:REQUEST Sale,825
1:RELEASE Sale,364
1:REQUEST Sale,944
0:RELEASE Sale,14
2:RELEASE Sale,825
2:REQUEST Sale,379
0:REQUEST Sale,451
2:RELEASE Sale,379
2:REQUEST Sale,934
0:RELEASE Sale,451
1:RELEASE Sale,944
0:REQUEST Sale,657
3:REQUEST Sale,867
0:RELEASE Sale,657
3:RELEASE Sale,867
3:REQUEST Sale,410
2:RELEASE Sale,934
2:REQUEST Sale,269
3:RELEASE Sale,410
0:REQUEST Sale,766
0:RELEASE Sale,766
1:REQUEST Sale,14
1:RELEASE Sale,14
1:REQUEST Sale,451
2:RELEASE Sale,269
0:REQUEST Sale,32
1:RELEASE Sale,451
0:RELEASE Sale,32
1:REQUEST Sale,657
1:RELEASE Sale,657
3:REQUEST Sale,31
3:RELEASE Sale,31
0:REQUEST Sale,851
2:REQUEST Sale,904
2:RELEASE Sale,904
0:RELEASE Sale,851
1:REQUEST Sale,766
0:REQUEST Sale,322
0:RELEASE Sale,322
0:REQUEST Sale,628
3:REQUEST Sale,659
2:REQUEST Sale,728
2:RELEASE Sale,728
1:RELEASE Sale,766
0:RELEASE Sale,628
0:REQUEST Sale,278
0:RELEASE Sale,278
3:RELEASE Sale,659
1:REQUEST Sale,32
1:RELEASE Sale,32
0:REQUEST Sale,116
1:REQUEST Sale,851
1:RELEASE Sale,851
3:REQUEST Sale,471
3:RELEASE Sale,471
0:RELEASE Sale,116
3:REQUEST Sale,517
3:RELEASE Sale,517
2:REQUEST Sale,887
0:REQUEST Sale,103
1:REQUEST Sale,322
0:RELEASE Sale,103
0:REQUEST Sale,322
0:RELEASE Sale,322
0:REQUEST Sale,197
0:RELEASE Sale,197
1:RELEASE Sale,322
2:RELEASE Sale,887
1:REQUEST Sale,628
0:REQUEST Sale,43
0:RELEASE Sale,43
3:REQUEST Sale,642
0:REQUEST Sale,945
2:REQUEST Sale,697
2:RELEASE Sale,697
0:RELEASE Sale,945
1:RELEASE Sale,628
0:REQUEST Sale,422
1:REQUEST Sale,278
0:RELEASE Sale,422
3:RELEASE Sale,642
2:REQUEST Sale,449
0:REQUEST Sale,165
0:RELEASE Sale,165
3:REQUEST Sale,634
0:REQUEST Sale,791
3:RELEASE Sale,634
2:RELEASE Sale,449
3:REQUEST Sale,456
1:RELEASE Sale,278
3:RELEASE Sale,456
2:REQUEST Sale,5
1:REQUEST Sale,116
1:RELEASE Sale,116
2:RELEASE Sale,5
1:REQUEST Sale,103
3:REQUEST Sale,780
1:RELEASE Sale,103
2:REQUEST Sale,105
0:RELEASE Sale,791
3:RELEASE Sale,780
3:REQUEST Sale,746
3:RELEASE Sale,746
0:REQUEST Sale,845
2:RELEASE Sale,105
3:REQUEST Sale,750
1:REQUEST Sale,322
1:RELEASE Sale,322
0:RELEASE Sale,845
2:REQUEST Sale,390
0:REQUEST Sale,879
0:RELEASE Sale,879
2:RELEASE Sale,390
0:REQUEST Sale,973
1:REQUEST Sale,197
0:RELEASE Sale,973
0:REQUEST Sale,614
3:RELEASE Sale,750
1:RELEASE Sale,197
2:REQUEST Sale,927
0:RELEASE Sale,614
2:RELEASE Sale,927
2:REQUEST Sale,776
1:REQUEST Sale,43
1:RELEASE Sale,43
3:REQUEST Sale,42
1:REQUEST Sale,945
2:RELEASE Sale,776
2:REQUEST Sale,402
3:RELEASE Sale,42
2:RELEASE Sale,402
0:REQUEST Sale,465
1:RELEASE Sale,945
0:RELEASE Sale,465
1:REQUEST Sale,422
3:REQUEST Sale,505
2:REQUEST Sale,855
1:RELEASE Sale,422
1:REQUEST Sale,165
1:RELEASE Sale,165
2:RELEASE Sale,855
2:REQUEST Sale,648
3:RELEASE Sale,505
3:REQUEST Sale,305
1:REQUEST Sale,791
1:RELEASE Sale,791
3:RELEASE Sale,305
2:RELEASE Sale,648
3:REQUEST Sale,657
3:RELEASE Sale,657
0:REQUEST Sale,260
2:REQUEST Sale,266
1:REQUEST Sale,845
0:RELEASE Sale,260
1:RELEASE Sale,845
1:REQUEST Sale,879
0:REQUEST Sale,298
0:RELEASE Sale,298
1:RELEASE Sale,879
1:REQUEST Sale,973
2:RELEASE Sale,266
1:RELEASE Sale,973
1:REQUEST Sale,614
3:REQUEST Sale,319
0:REQUEST Sale,341
2:REQUEST Sale,225
3:RELEASE Sale,319
2:RELEASE Sale,225
3:REQUEST Sale,26
0:RELEASE Sale,341
2:REQUEST Sale,841
0:REQUEST Sale,786
3:RELEASE Sale,26
2:RELEASE Sale,841
0:RELEASE Sale,786
3:REQUEST Sale,796
0:REQUEST Sale,650
0:RELEASE Sale,650
0:REQUEST Sale,363
0:RELEASE Sale,363
2:REQUEST Sale,578
1:RELEASE Sale,614
3:RELEASE Sale,796
2:RELEASE Sale,578
3:REQUEST Sale,54
3:RELEASE Sale,54
0:REQUEST Sale,688
3:REQUEST Sale,421
2:REQUEST Sale,508
2:RELEASE Sale,508
3:RELEASE Sale,421
0:RELEASE Sale,688
2:REQUEST Sale,252
3:REQUEST Sale,359
2:RELEASE Sale,252
3:RELEASE Sale,359
2:REQUEST Sale,751
0:REQUEST Sale,143
0:RELEASE Sale,143
2:RELEASE Sale,751
1:REQUEST Sale,465
0:REQUEST Sale,828
2:REQUEST Sale,422
3:REQUEST Sale,610
1:RELEASE Sale,465
0:RELEASE Sale,828
1:REQUEST Sale,260
3:RELEASE Sale,610
2:RELEASE Sale,422
3:REQUEST Sale,85
2:REQUEST Sale,281
1:RELEASE Sale,260
2:RELEASE Sale,281
0:REQUEST Sale,524
3:RELEASE Sale,85
3:REQUEST Sale,581
0:RELEASE Sale,524
1:REQUEST Sale,298
1:RELEASE Sale,298
3:RELEASE Sale,581
1:REQUEST Sale,341
1:RELEASE Sale,341
0:REQUEST Sale,255
2:REQUEST Sale,220
2:RELEASE Sale,220
0:RELEASE Sale,255
1:REQUEST Sale,786
3:REQUEST Sale,271
1:RELEASE Sale,786
2:REQUEST Sale,415
1:REQUEST Sale,650
0:REQUEST Sale,574
1:RELEASE Sale,650
2:RELEASE Sale,415
3:RELEASE Sale,271
3:REQUEST Sale,31
0:RELEASE Sale,574
2:REQUEST Sale,673
1:REQUEST Sale,363
3:RELEASE Sale,31
3:REQUEST Sale,286
1:RELEASE Sale,363
0:REQUEST Sale,157
1:REQUEST Sale,688
0:RELEASE Sale,157
1:RELEASE Sale,688
2:RELEASE Sale,673
1:REQUEST Sale,143
2:REQUEST Sale,558
1:RELEASE Sale,143
3:RELEASE Sale,286
0:REQUEST Sale,565
0:RELEASE Sale,565
3:REQUEST Sale,784
0:REQUEST Sale,225
1:REQUEST Sale,828
2:RELEASE Sale,558
2:REQUEST Sale,765
1:RELEASE Sale,828
0:RELEASE Sale,225
3:RELEASE Sale,784
3:REQUEST Sale,350
0:REQUEST Sale,849
0:RELEASE Sale,849
3:RELEASE Sale,350
0:REQUEST Sale,969
3:REQUEST Sale,879
2:RELEASE Sale,765
1:REQUEST Sale,524
3:RELEASE Sale,879
2:REQUEST Sale,226
3:REQUEST Sale,815
3:RELEASE Sale,815
3:REQUEST Sale,404
1:RELEASE Sale,524
0:RELEASE Sale,969
1:REQUEST Sale,255
1:RELEASE Sale,255
0:REQUEST Sale,519
2:RELEASE Sale,226
3:RELEASE Sale,404
1:REQUEST Sale,574
0:RELEASE Sale,519
3:REQUEST Sale,87
0:REQUEST Sale,266
3:RELEASE Sale,87
3:REQUEST Sale,653
1:RELEASE Sale,574
0:RELEASE Sale,266
1:REQUEST Sale,157
3:RELEASE Sale,653
3:REQUEST Sale,515
1:RELEASE Sale,157
1:REQUEST Sale,565
1:RELEASE Sale,565
3:RELEASE Sale,515
0:REQUEST Sale,461
3:REQUEST Sale,428
2:REQUEST Sale,683
3:RELEASE Sale,428
2:RELEASE Sale,683
3:REQUEST Sale,466
3:RELEASE Sale,466
0:RELEASE Sale,461
3:REQUEST Sale,827
1:REQUEST Sale,225
2:REQUEST Sale,565
2:RELEASE Sale,565
0:REQUEST Sale,857
2:REQUEST Sale,822
0:RELEASE Sale,857
1:RELEASE Sale,225
3:RELEASE Sale,827
1:REQUEST Sale,849
1:RELEASE Sale,849
2:RELEASE Sale,822
3:REQUEST Sale,361
2:REQUEST Sale,768
2:RELEASE Sale,768
0:REQUEST Sale,330
1:REQUEST Sale,969
0:RELEASE Sale,330
2:REQUEST Sale,670
2:RELEASE Sale,670
0:REQUEST Sale,776
0:RELEASE Sale,776
2:REQUEST Sale,713
0:REQUEST Sale,991
2:RELEASE Sale,713
0:RELEASE Sale,991
2:REQUEST Sale,601
0:REQUEST Sale,957
3:RELEASE Sale,361
2:RELEASE Sale,601
1:RELEASE Sale,969
3:REQUEST Sale,662
3:RELEASE Sale,662
2:REQUEST Sale,673
1:REQUEST Sale,519
3:REQUEST Sale,683
3:RELEASE Sale,683
0:RELEASE Sale,957
0:REQUEST Sale,542
3:REQUEST Sale,812
3:RELEASE Sale,812
1:RELEASE Sale,519
1:REQUEST Sale,266
0:RELEASE Sale,542
3:REQUEST Sale,158
3:RELEASE Sale,158
2:RELEASE Sale,673
1:RELEASE Sale,266
2:REQUEST Sale,941
0:REQUEST Sale,828
3:REQUEST Sale,614
2:RELEASE Sale,941
2:REQUEST Sale,476
2:RELEASE Sale,476
2:REQUEST Sale,616
3:RELEASE Sale,614
1:REQUEST Sale,461
1:RELEASE Sale,461
1:REQUEST Sale,857
1:RELEASE Sale,857
2:RELEASE Sale,616
1:REQUEST Sale,330
1:RELEASE Sale,330
2:REQUEST Sale,185
2:RELEASE Sale,185
0:RELEASE Sale,828
2:REQUEST Sale,606
1:REQUEST Sale,776
1:RELEASE Sale,776
3:REQUEST Sale,951
0:REQUEST Sale,202
3:RELEASE Sale,951
1:REQUEST Sale,991
1:RELEASE Sale,991
0:RELEASE Sale,202
1:REQUEST Sale,957
0:REQUEST Sale,428
1:RELEASE Sale,957
3:REQUEST Sale,629
0:RELEASE Sale,428
1:REQUEST Sale,542
3:RELEASE Sale,629
1:RELEASE Sale,542
1:REQUEST Sale,828
0:REQUEST Sale,52
2:RELEASE Sale,606
2:REQUEST Sale,532
2:RELEASE Sale,532
1:RELEASE Sale,828
2:REQUEST Sale,717
1:REQUEST Sale,202
2:RELEASE Sale,717
2:REQUEST Sale,595
3:REQUEST Sale,416
2:RELEASE Sale,595
1:RELEASE Sale,202
1:REQUEST Sale,428
3:RELEASE Sale,416
3:REQUEST Sale,104
0:RELEASE Sale,52
0:REQUEST Sale,483
1:RELEASE Sale,428
1:REQUEST Sale,52
0:RELEASE Sale,483
1:RELEASE Sale,52
0:REQUEST Sale,761
2:REQUEST Sale,918
3:RELEASE Sale,104
2:RELEASE Sale,918
3:REQUEST Sale,667
3:RELEASE Sale,667
3:REQUEST Sale,675
2:REQUEST Sale,869
1:REQUEST Sale,483
3:RELEASE Sale,675
2:RELEASE Sale,869
0:RELEASE Sale,761
0:REQUEST Sale,536
0:RELEASE Sale,536
3:REQUEST Sale,393
1:RELEASE Sale,483
2:REQUEST Sale,67
0:REQUEST Sale,791
1:REQUEST Sale,761
2:RELEASE Sale,67
1:RELEASE Sale,761
2:REQUEST Sale,814
0:RELEASE Sale,791
0:REQUEST Sale,452
3:RELEASE Sale,393
0:RELEASE Sale,452
3:REQUEST Sale,955
0:REQUEST Sale,197
3:RELEASE Sale,955
3:REQUEST Sale,387
0:RELEASE Sale,197
3:RELEASE Sale,387
0:REQUEST Sale,28
3:REQUEST Sale,982
2:RELEASE Sale,814
2:REQUEST Sale,535
3:RELEASE Sale,982
3:REQUEST Sale,588
2:RELEASE Sale,535
3:RELEASE Sale,588
0:RELEASE Sale,28
1:REQUEST Sale,536
3:REQUEST Sale,136
0:REQUEST Sale,701
1:RELEASE Sale,536
1:REQUEST Sale,791
1:RELEASE Sale,791
2:REQUEST Sale,96
2:RELEASE Sale,96
2:REQUEST Sale,854
0:RELEASE Sale,701
0:REQUEST Sale,876
0:RELEASE Sale,876
3:RELEASE Sale,136
2:RELEASE Sale,854
2:REQUEST Sale,925
3:REQUEST Sale,475
0:REQUEST Sale,332
0:RELEASE Sale,332
1:REQUEST Sale,452
3:RELEASE Sale,475
2:RELEASE Sale,925
1:RELEASE Sale,452
1:REQUEST Sale,197
3:REQUEST Sale,442
2:REQUEST Sale,120
1:RELEASE Sale,197
2:RELEASE Sale,120
3:RELEASE Sale,442
1:REQUEST Sale,28
1:RELEASE Sale,28
2:REQUEST Sale,264
3:REQUEST Sale,103
0:REQUEST Sale,175
3:RELEASE Sale,103
0:RELEASE Sale,175
1:REQUEST Sale,701
0:REQUEST Sale,132
1:RELEASE Sale,701
1:REQUEST Sale,876
2:RELEASE Sale,264
0:RELEASE Sale,132
1:RELEASE Sale,876
1:REQUEST Sale,332
1:RELEASE Sale,332
1:REQUEST Sale,175
1:RELEASE Sale,175
3:REQUEST Sale,146
1:REQUEST Sale,132
3:RELEASE Sale,146
1:RELEASE Sale,132
0:REQUEST Sale,29
0:RELEASE Sale,29
1:REQUEST Sale,29
2:REQUEST Sale,452
3:REQUEST Sale,958
2:RELEASE Sale,452
2:REQUEST Sale,575
0:REQUEST Sale,424
2:RELEASE Sale,575
3:RELEASE Sale,958
1:RELEASE Sale,29
0:RELEASE Sale,424
2:REQUEST Sale,993
1:REQUEST Sale,424
0:REQUEST Sale,354
2:RELEASE Sale,993
0:RELEASE Sale,354
2:REQUEST Sale,253
0:REQUEST Sale,483
2:RELEASE Sale,253
2:REQUEST Sale,583
1:RELEASE Sale,424
2:RELEASE Sale,583
3:REQUEST Sale,958
0:RELEASE Sale,483
3:RELEASE Sale,958
3:REQUEST Sale,772
3:RELEASE Sale,772
2:REQUEST Sale,679
2:RELEASE Sale,679
3:REQUEST Sale,663
3:RELEASE Sale,663
1:REQUEST Sale,354
1:RELEASE Sale,354
2:REQUEST Sale,922
0:REQUEST Sale,69
2:RELEASE Sale,922
1:REQUEST Sale,483
0:RELEASE Sale,69
2:REQUEST Sale,954
0:REQUEST Sale,47
2:RELEASE Sale,954
2:REQUEST Sale,296
0:RELEASE Sale,47
0:REQUEST Sale,205
2:RELEASE Sale,296
0:RELEASE Sale,205
3:REQUEST Sale,104
1:RELEASE Sale,483
2:REQUEST Sale,791
3:RELEASE Sale,104
2:RELEASE Sale,791
0:REQUEST Sale,798
1:REQUEST Sale,69
0:RELEASE Sale,798
2:REQUEST Sale,183
3:REQUEST Sale,957
3:RELEASE Sale,957
0:REQUEST Sale,130
2:RELEASE Sale,183
0:RELEASE Sale,130
3:REQUEST Sale,190
1:RELEASE Sale,69
2:REQUEST Sale,296
0:REQUEST Sale,987
0:RELEASE Sale,987
1:REQUEST Sale,47
1:RELEASE Sale,47
3:RELEASE Sale,190
2:RELEASE Sale,296
2:REQUEST Sale,465
1:REQUEST Sale,205
1:RELEASE Sale,205
3:REQUEST Sale,532
1:REQUEST Sale,798
0:REQUEST Sale,256
0:RELEASE Sale,256
0:REQUEST Sale,853
1:RELEASE Sale,798
0:RELEASE Sale,853
0:REQUEST Sale,428
3:RELEASE Sale,532
1:REQUEST Sale,130
0:RELEASE Sale,428
3:REQUEST Sale,178
0:REQUEST Sale,664
3:RELEASE Sale,178
3:REQUEST Sale,538
1:RELEASE Sale,130
2:RELEASE Sale,465
2:REQUEST Sale,21
2:RELEASE Sale,21
2:REQUEST Sale,594
2:RELEASE Sale,594
2:REQUEST Sale,438
2:RELEASE Sale,438
3:RELEASE Sale,538
2:REQUEST Sale,702
0:RELEASE Sale,664
2:RELEASE Sale,702
3:REQUEST Sale,557
1:REQUEST Sale,987
0:REQUEST Sale,709
2:REQUEST Sale,64
1:RELEASE Sale,987
1:REQUEST Sale,256
3:RELEASE Sale,557
3:REQUEST Sale,176
1:RELEASE Sale,256
2:RELEASE Sale,64
2:REQUEST Sale,637
0:RELEASE Sale,709
3:RELEASE Sale,176
2:RELEASE Sale,637
0:REQUEST Sale,114
3:REQUEST Sale,74
3:RELEASE Sale,74
1:REQUEST Sale,853
1:RELEASE Sale,853
2:REQUEST Sale,248
0:RELEASE Sale,114
3:REQUEST Sale,817
2:RELEASE Sale,248
3:RELEASE Sale,817
0:REQUEST Sale,643
2:REQUEST Sale,481
1:REQUEST Sale,428
3:REQUEST Sale,814
0:RELEASE Sale,643
0:REQUEST Sale,957
2:RELEASE Sale,481
0:RELEASE Sale,957
1:RELEASE Sale,428
2:REQUEST Sale,363
1:REQUEST Sale,664
2:RELEASE Sale,363
1:RELEASE Sale,664
1:REQUEST Sale,709
1:RELEASE Sale,709
2:REQUEST Sale,826
1:REQUEST Sale,114
2:RELEASE Sale,826
0:REQUEST Sale,595
0:RELEASE Sale,595
3:RELEASE Sale,814
1:RELEASE Sale,114
1:REQUEST Sale,643
3:REQUEST Sale,455
3:RELEASE Sale,455
1:RELEASE Sale,643
0:REQUEST Sale,909
1:REQUEST Sale,957
1:RELEASE Sale,957
0:RELEASE Sale,909
0:REQUEST Sale,359
0:RELEASE Sale,359
1:REQUEST Sale,595
1:RELEASE Sale,595
3:REQUEST Sale,324
2:REQUEST Sale,524
2:RELEASE Sale,524
0:REQUEST Sale,857
2:REQUEST Sale,977
0:RELEASE Sale,857
0:REQUEST Sale,412
0:RELEASE Sale,412
1:REQUEST Sale,909
2:RELEASE Sale,977
2:REQUEST Sale,863
2:RELEASE Sale,863
1:RELEASE Sale,909
2:REQUEST Sale,529
0:REQUEST Sale,997
2:RELEASE Sale,529
2:REQUEST Sale,364
2:RELEASE Sale,364
0:RELEASE Sale,997
3:RELEASE Sale,324
1:REQUEST Sale,359
2:REQUEST Sale,407
1:RELEASE Sale,359
3:REQUEST Sale,209
3:RELEASE Sale,209
3:REQUEST Sale,681
3:RELEASE Sale,681
2:RELEASE Sale,407
3:REQUEST Sale,582
0:REQUEST Sale,135
1:REQUEST Sale,857
3:RELEASE Sale,582
0:RELEASE Sale,135
3:REQUEST Sale,930
2:REQUEST Sale,816
1:RELEASE Sale,857
2:RELEASE Sale,816
1:REQUEST Sale,412
1:RELEASE Sale,412
3:RELEASE Sale,930
0:REQUEST Sale,164
0:RELEASE Sale,164
2:REQUEST Sale,693
0:REQUEST Sale,232
0:RELEASE Sale,232
2:RELEASE Sale,693
2:REQUEST Sale,877
0:REQUEST Sale,541
2:RELEASE Sale,877
1:REQUEST Sale,997
1:RELEASE Sale,997
2:REQUEST Sale,197
1:REQUEST Sale,135
3:REQUEST Sale,437
3:RELEASE Sale,437
1:RELEASE Sale,135
3:REQUEST Sale,744
0:RELEASE Sale,541
0:REQUEST Sale,241
1:REQUEST Sale,164
0:RELEASE Sale,241
0:REQUEST Sale,951
0:RELEASE Sale,951
1:RELEASE Sale,164
2:RELEASE Sale,197
3:RELEASE Sale,744
2:REQUEST Sale,886
3:REQUEST Sale,910
1:REQUEST Sale,232
3:RELEASE Sale,910
3:REQUEST Sale,859
3:RELEASE Sale,859
0:REQUEST Sale,699
3:REQUEST Sale,297
2:RELEASE Sale,886
3:RELEASE Sale,297
1:RELEASE Sale,232
3:REQUEST Sale,242
2:REQUEST Sale,691
1:REQUEST Sale,541
1:RELEASE Sale,541
0:RELEASE Sale,699
3:RELEASE Sale,242
2:RELEASE Sale,691
1:REQUEST Sale,241
0:REQUEST Sale,81
1:RELEASE Sale,241
3:REQUEST Sale,737
2:REQUEST Sale,262
2:RELEASE Sale,262
0:RELEASE Sale,81
2:REQUEST Sale,443
1:REQUEST Sale,951
0:REQUEST Sale,536
1:RELEASE Sale,951
1:REQUEST Sale,699
0:RELEASE Sale,536
3:RELEASE Sale,737
3:REQUEST Sale,474
2:RELEASE Sale,443
1:RELEASE Sale,699
0:REQUEST Sale,672
1:REQUEST Sale,81
1:RELEASE Sale,81
1:REQUEST Sale,536
3:RELEASE Sale,474
0:RELEASE Sale,672
1:RELEASE Sale,536
2:REQUEST Sale,195
3:REQUEST Sale,698
1:REQUEST Sale,672
0:REQUEST Sale,210
2:RELEASE Sale,195
0:RELEASE Sale,210
3:RELEASE Sale,698
1:RELEASE Sale,672
1:REQUEST Sale,210
1:RELEASE Sale,210
0:REQUEST Sale,564
3:REQUEST Sale,585
0:RELEASE Sale,564
2:REQUEST Sale,920
0:REQUEST Sale,51
3:RELEASE Sale,585
3:REQUEST Sale,802
2:RELEASE Sale,920
2:REQUEST Sale,908
3:RELEASE Sale,802
0:RELEASE Sale,51
2:RELEASE Sale,908
3:REQUEST Sale,86
0:REQUEST Sale,94
1:REQUEST Sale,564
3:RELEASE Sale,86
1:RELEASE Sale,564
3:REQUEST Sale,478
1:REQUEST Sale,51
2:REQUEST Sale,175
3:RELEASE Sale,478
0:RELEASE Sale,94
0:REQUEST Sale,763
3:REQUEST Sale,302
3:RELEASE Sale,302
0:RELEASE Sale,763
1:RELEASE Sale,51
1:REQUEST Sale,94
3:REQUEST Sale,905
1:RELEASE Sale,94
1:REQUEST Sale,763
3:RELEASE Sale,905
0:REQUEST Sale,152
1:RELEASE Sale,763
1:REQUEST Sale,152
2:RELEASE Sale,175
3:REQUEST Sale,714
2:REQUEST Sale,156
1:RELEASE Sale,152
2:RELEASE Sale,156
0:RELEASE Sale,152
1:REQUEST Sale,233
2:REQUEST Sale,366
0:REQUEST Sale,233
0:RELEASE Sale,233
1:RELEASE Sale,233
2:RELEASE Sale,366
2:REQUEST Sale,218
0:REQUEST Sale,438
3:RELEASE Sale,714
2:RELEASE Sale,218
0:RELEASE Sale,438
2:REQUEST Sale,440
3:REQUEST Sale,867
0:REQUEST Sale,826
0:RELEASE Sale,826
2:RELEASE Sale,440
1:REQUEST Sale,438
2:REQUEST Sale,617
2:RELEASE Sale,617
3:RELEASE Sale,867
2:REQUEST Sale,379
2:RELEASE Sale,379
2:REQUEST Sale,134
3:REQUEST Sale,622
3:RELEASE Sale,622
0:REQUEST Sale,728
3:REQUEST Sale,700
3:RELEASE Sale,700
3:REQUEST Sale,472
3:REQUEST Sale_index,0
3:RELEASE Sale_index,0
2:REQUEST Sale_index,0
0:REQUEST Sale_index,0
3:REQUEST Sale_index,1
2:RELEASE Sale_index,0
0:RELEASE Sale_index,0
1:REQUEST Sale_index,0
0:REQUEST Sale_index,1
2:REQUEST Sale_index,1
2:RELEASE Sale_index,1
3:RELEASE Sale_index,1
1:RELEASE Sale_index,0
1:REQUEST Sale_index,1
0:RELEASE Sale_index,1
0:REQUEST Sale_index,2
0:RELEASE Sale_index,2
0:REQUEST Sale_index,3
2:REQUEST Sale_index,2
1:RELEASE Sale_index,1
2:RELEASE Sale_index,2
0:RELEASE Sale_index,3
3:REQUEST Sale_index,2
2:REQUEST Sale_index,3
3:RELEASE Sale_index,2
0:REQUEST Sale,834
0:RELEASE Sale,834
1:REQUEST Sale_index,2
3:REQUEST Sale_index,3
2:RELEASE Sale_index,3
3:RELEASE Sale_index,3
2:REQUEST Sale,699
1:RELEASE Sale_index,2
1:REQUEST Sale_index,3
3:REQUEST Sale,598
0:REQUEST Sale,770
3:RELEASE Sale,598
1:RELEASE Sale_index,3
3:REQUEST Sale,731
3:RELEASE Sale,731
1:REQUEST Sale,834
3:REQUEST Sale,197
1:RELEASE Sale,834
1:REQUEST Sale,770
2:RELEASE Sale,699
3:RELEASE Sale,197
0:RELEASE Sale,770
1:RELEASE Sale,770
3:REQUEST Sale,603
2:REQUEST Sale,287
2:RELEASE Sale,287
3:RELEASE Sale,603
3:REQUEST Sale,311
1:REQUEST Sale,574
2:REQUEST Sale,511
3:RELEASE Sale,311
3:REQUEST Sale,267
0:REQUEST Sale,574
0:RELEASE Sale,574
3:RELEASE Sale,267
3:REQUEST Sale,35
0:REQUEST Sale,188
0:RELEASE Sale,188
0:REQUEST Sale,454
1:RELEASE Sale,574
2:RELEASE Sale,511
1:REQUEST Sale,188
1:RELEASE Sale,188
3:RELEASE Sale,35
0:RELEASE Sale,454
0:REQUEST Sale,221
2:REQUEST Sale,302
2:RELEASE Sale,302
2:REQUEST Sale,677
1:REQUEST Sale,454
2:RELEASE Sale,677
0:RELEASE Sale,221
0:REQUEST Sale,477
0:RELEASE Sale,477
2:REQUEST Sale,253
2:RELEASE Sale,253
3:REQUEST Sale,704
2:REQUEST Sale,236
3:RELEASE Sale,704
3:REQUEST Sale,451
3:RELEASE Sale,451
1:RELEASE Sale,454
0:REQUEST Sale,56
3:REQUEST Sale,409
1:REQUEST Sale,221
0:RELEASE Sale,56
0:REQUEST Sale,238
2:RELEASE Sale,236
2:REQUEST Sale,523
1:RELEASE Sale,221
3:RELEASE Sale,409
3:REQUEST Sale,948
1:REQUEST Sale,477
2:RELEASE Sale,523
2:REQUEST Sale,412
2:RELEASE Sale,412
3:RELEASE Sale,948
0:RELEASE Sale,238
3:REQUEST Sale,778
0:REQUEST Sale,581
2:REQUEST Sale,506
2:RELEASE Sale,506
0:RELEASE Sale,581
2:REQUEST Sale,464
1:RELEASE Sale,477
0:REQUEST Sale,909
3:RELEASE Sale,778
3:REQUEST Sale,464
0:RELEASE Sale,909
3:RELEASE Sale,464
3:REQUEST Sale,701
0:REQUEST Sale,564
3:RELEASE Sale,701
1:REQUEST Sale,56
0:RELEASE Sale,564
1:RELEASE Sale,56
2:RELEASE Sale,464
1:REQUEST Sale,238
0:REQUEST Sale,440
1:RELEASE Sale,238
0:RELEASE Sale,440
3:REQUEST Sale,709
2:REQUEST Sale,809
3:RELEASE Sale,709
2:RELEASE Sale,809
1:REQUEST Sale,581
0:REQUEST Sale,364
0:RELEASE Sale,364
1:RELEASE Sale,581
0:REQUEST Sale,944
1:REQUEST Sale,909
3:REQUEST Sale,144
3:RELEASE Sale,144
0:RELEASE Sale,944
1:RELEASE Sale,909
1:REQUEST Sale,564
2:REQUEST Sale,414
2:RELEASE Sale,414
1:RELEASE Sale,564
1:REQUEST Sale,440
1:RELEASE Sale,440
2:REQUEST Sale,507
1:REQUEST Sale,364
2:RELEASE Sale,507
2:REQUEST Sale,860
2:RELEASE Sale,860
2:REQUEST Sale,630
0:REQUEST Sale,14
2:RELEASE Sale,630
2:REQUEST Sale,825
1:RELEASE Sale,364
1:REQUEST Sale,944
0:RELEASE Sale,14
2:RELEASE Sale,825
2:REQUEST Sale,379
0:REQUEST Sale,451
2:RELEASE Sale,379
2:REQUEST Sale,934
0:RELEASE Sale,451
1:RELEASE Sale,944
0:REQUEST Sale,657
3:REQUEST Sale,867
0:RELEASE Sale,657
3:RELEASE Sale,867
3:REQUEST Sale,410
2:RELEASE Sale,934
2:REQUEST Sale,269
3:RELEASE Sale,410
0:REQUEST Sale,766
0:RELEASE Sale,766
1:REQUEST Sale,14
1:RELEASE Sale,14
1:REQUEST Sale,451
2:RELEASE Sale,269
0:REQUEST Sale,32
1:RELEASE Sale,451
0:RELEASE Sale,32
1:REQUEST Sale,657
1:RELEASE Sale,657
3:REQUEST Sale,31
3:RELEASE Sale,31
0:REQUEST Sale,851
2:REQUEST Sale,904
2:RELEASE Sale,904
0:RELEASE Sale,851
1:REQUEST Sale,766
0:REQUEST Sale,322
0:RELEASE Sale,322
0:REQUEST Sale,628
3:REQUEST Sale,659
2:REQUEST Sale,728
2:RELEASE Sale,728
1:RELEASE Sale,766
0:RELEASE Sale,628
0:REQUEST Sale,278
0:RELEASE Sale,278
3:RELEASE Sale,659
1:REQUEST Sale,32
1:RELEASE Sale,32
0:REQUEST Sale,116
1:REQUEST Sale,851
1:RELEASE Sale,851
3:REQUEST Sale,471
3:RELEASE Sale,471
0:RELEASE Sale,116
3:REQUEST Sale,517
3:RELEASE Sale,517
2:REQUEST Sale,887
0:REQUEST Sale,103
1:REQUEST Sale,322
0:RELEASE Sale,103
0:REQUEST Sale,322
0:RELEASE Sale,322
0:REQUEST Sale,197
0:RELEASE Sale,197
1:RELEASE Sale,322
2:RELEASE Sale,887
1:REQUEST Sale,628
0:REQUEST Sale,43
0:RELEASE Sale,43
3:REQUEST Sale,642
0:REQUEST Sale,945
2:REQUEST Sale,697
2:RELEASE Sale,697
0:RELEASE Sale,945
1:RELEASE Sale,628
0:REQUEST Sale,422
1:REQUEST Sale,278
0:RELEASE Sale,422
3:RELEASE Sale,642
2:REQUEST Sale,449
0:REQUEST Sale,165
0:RELEASE Sale,165
3:REQUEST Sale,634
0:REQUEST Sale,791
3:RELEASE Sale,634
2:RELEASE Sale,449
3:REQUEST Sale,456
1:RELEASE Sale,278
3:RELEASE Sale,456
2:REQUEST Sale,5
1:REQUEST Sale,116
1:RELEASE Sale,116
2:RELEASE Sale,5
1:REQUEST Sale,103
3:REQUEST Sale,780
1:RELEASE Sale,103
2:REQUEST Sale,105
0:RELEASE Sale,791
3:RELEASE Sale,780
3:REQUEST Sale,746
3:RELEASE Sale,746
0:REQUEST Sale,845
2:RELEASE Sale,105
3:REQUEST Sale,750
1:REQUEST Sale,322
1:RELEASE Sale,322
0:RELEASE Sale,845
2:REQUEST Sale,390
0:REQUEST Sale,879
0:RELEASE Sale,879
2:RELEASE Sale,390
0:REQUEST Sale,973
1:REQUEST Sale,197
0:RELEASE Sale,973
0:REQUEST Sale,614
3:RELEASE Sale,750
1:RELEASE Sale,197
2:REQUEST Sale,927
0:RELEASE Sale,614
2:RELEASE Sale,927
2:REQUEST Sale,776
1:REQUEST Sale,43
1:RELEASE Sale,43
3:REQUEST Sale,42
1:REQUEST Sale,945
2:RELEASE Sale,776
2:REQUEST Sale,402
3:RELEASE Sale,42
2:RELEASE Sale,402
0:REQUEST Sale,465
1:RELEASE Sale,945
0:RELEASE Sale,465
1:REQUEST Sale,422
3:REQUEST Sale,505
2:REQUEST Sale,855
1:RELEASE Sale,422
1:REQUEST Sale,165
1:RELEASE Sale,165
2:RELEASE Sale,855
2:REQUEST Sale,648
3:RELEASE Sale,505
3:REQUEST Sale,305
1:REQUEST Sale,791
1:RELEASE Sale,791
3:RELEASE Sale,305
2:RELEASE Sale,648
3:REQUEST Sale,657
3:RELEASE Sale,657
0:REQUEST Sale,260
2:REQUEST Sale,266
1:REQUEST Sale,845
0:RELEASE Sale,260
1:RELEASE Sale,845
1:REQUEST Sale,879
0:REQUEST Sale,298
0:RELEASE Sale,298
1:RELEASE Sale,879
1:REQUEST Sale,973
2:RELEASE Sale,266
1:RELEASE Sale,973
1:REQUEST Sale,614
3:REQUEST Sale,319
0:REQUEST Sale,341
2:REQUEST Sale,225
3:RELEASE Sale,319
2:RELEASE Sale,225
3:REQUEST Sale,26
0:RELEASE Sale,341
2:REQUEST Sale,841
0:REQUEST Sale,786
3:RELEASE Sale,26
2:RELEASE Sale,841
0:RELEASE Sale,786
3:REQUEST Sale,796
0:REQUEST Sale,650
0:RELEASE Sale,650
0:REQUEST Sale,363
0:RELEASE Sale,363
2:REQUEST Sale,578
1:RELEASE Sale,614
3:RELEASE Sale,796
2:RELEASE Sale,578
3:REQUEST Sale,54
3:RELEASE Sale,54
0:REQUEST Sale,688
3:REQUEST Sale,421
2:REQUEST Sale,508
2:RELEASE Sale,508
3:RELEASE Sale,421
0:RELEASE Sale,688
2:REQUEST Sale,252
3:REQUEST Sale,359
2:RELEASE Sale,252
3:RELEASE Sale,359
2:REQUEST Sale,751
0:REQUEST Sale,143
0:RELEASE Sale,143
2:RELEASE Sale,751
1:REQUEST Sale,465
0:REQUEST Sale,828
2:REQUEST Sale,422
3:REQUEST Sale,610
1:RELEASE Sale,465
0:RELEASE Sale,828
1:REQUEST Sale,260
3:RELEASE Sale,610
2:RELEASE Sale,422
3:REQUEST Sale,85
2:REQUEST Sale,281
1:RELEASE Sale,260
2:RELEASE Sale,281
0:REQUEST Sale,524
3:RELEASE Sale,85
3:REQUEST Sale,581
0:RELEASE Sale,524
1:REQUEST Sale,298
1:RELEASE Sale,298
3:RELEASE Sale,581
1:REQUEST Sale,341
1:RELEASE Sale,341
0:REQUEST Sale,255
2:REQUEST Sale,220
2:RELEASE Sale,220
0:RELEASE Sale,255
1:REQUEST Sale,786
3:REQUEST Sale,271
1:RELEASE Sale,786
2:REQUEST Sale,415
1:REQUEST Sale,650
0:REQUEST Sale,574
1:RELEASE Sale,650
2:RELEASE Sale,415
3:RELEASE Sale,271
3:REQUEST Sale,31
0:RELEASE Sale,574
2:REQUEST Sale,673
1:REQUEST Sale,363
3:RELEASE Sale,31
3:REQUEST Sale,286
1:RELEASE Sale,363
0:REQUEST Sale,157
1:REQUEST Sale,688
0:RELEASE Sale,157
1:RELEASE Sale,688
2:RELEASE Sale,673
1:REQUEST Sale,143
2:REQUEST Sale,558
1:RELEASE Sale,143
3:RELEASE Sale,286
0:REQUEST Sale,565
0:RELEASE Sale,565
3:REQUEST Sale,784
0:REQUEST Sale,225
1:REQUEST Sale,828
2:RELEASE Sale,558
2:REQUEST Sale,765
1:RELEASE Sale,828
0:RELEASE Sale,225
3:RELEASE Sale,784
3:REQUEST Sale,350
0:REQUEST Sale,849
0:RELEASE Sale,849
3:RELEASE Sale,350
0:REQUEST Sale,969
3:REQUEST Sale,879
2:RELEASE Sale,765
1:REQUEST Sale,524
3:RELEASE Sale,879
2:REQUEST Sale,226
3:REQUEST Sale,815
3:RELEASE Sale,815
3:REQUEST Sale,404
1:RELEASE Sale,524
0:RELEASE Sale,969
1:REQUEST Sale,255
1:RELEASE Sale,255
0:REQUEST Sale,519
2:RELEASE Sale,226
3:RELEASE Sale,404
1:REQUEST Sale,574
0:RELEASE Sale,519
3:REQUEST Sale,87
0:REQUEST Sale,266
3:RELEASE Sale,87
3:REQUEST Sale,653
1:RELEASE Sale,574
0:RELEASE Sale,266
1:REQUEST Sale,157
3:RELEASE Sale,653
3:REQUEST Sale,515
1:RELEASE Sale,157
1:REQUEST Sale,565
1:RELEASE Sale,565
3:RELEASE Sale,515
0:REQUEST Sale,461
3:REQUEST Sale,428
2:REQUEST Sale,683
3:RELEASE Sale,428
2:RELEASE Sale,683
3:REQUEST Sale,466
3:RELEASE Sale,466
0:RELEASE Sale,461
3:REQUEST Sale,827
1:REQUEST Sale,225
2:REQUEST Sale,565
2:RELEASE Sale,565
0:REQUEST Sale,857
2:REQUEST Sale,822
0:RELEASE Sale,857
1:RELEASE Sale,225
3:RELEASE Sale,827
1:REQUEST Sale,849
1:RELEASE Sale,849
2:RELEASE Sale,822
3:REQUEST Sale,361
2:REQUEST Sale,768
2:RELEASE Sale,768
0:REQUEST Sale,330
1:REQUEST Sale,969
0:RELEASE Sale,330
2:REQUEST Sale,670
2:RELEASE Sale,670
0:REQUEST Sale,776
0:RELEASE Sale,776
2:REQUEST Sale,713
0:REQUEST Sale,991
2:RELEASE Sale,713
0:RELEASE Sale,991
2:REQUEST Sale,601
0:REQUEST Sale,957
3:RELEASE Sale,361
2:RELEASE Sale,601
1:RELEASE Sale,969
3:REQUEST Sale,662
3:RELEASE Sale,662
2:REQUEST Sale,673
1:REQUEST Sale,519
3:REQUEST Sale,683
3:RELEASE Sale,683
0:RELEASE Sale,957
0:REQUEST Sale,542
3:REQUEST Sale,812
3:RELEASE Sale,812
1:RELEASE Sale,519
1:REQUEST Sale,266
0:RELEASE Sale,542
3:REQUEST Sale,158
3:RELEASE Sale,158
2:RELEASE Sale,673
1:RELEASE Sale,266
2:REQUEST Sale,941
0:REQUEST Sale,828
3:REQUEST Sale,614
2:RELEASE Sale,941
2:REQUEST Sale,476
2:RELEASE Sale,476
2:REQUEST Sale,616
3:RELEASE Sale,614
1:REQUEST Sale,461
1:RELEASE Sale,461
1:REQUEST Sale,857
1:RELEASE Sale,857
2:RELEASE Sale,616
1:REQUEST Sale,330
1:RELEASE Sale,330
2:REQUEST Sale,185
2:RELEASE Sale,185
0:RELEASE Sale,828
2:REQUEST Sale,606
1:REQUEST Sale,776
1:RELEASE Sale,776
3:REQUEST Sale,951
0:REQUEST Sale,202
3:RELEASE Sale,951
1:REQUEST Sale,991
1:RELEASE Sale,991
0:RELEASE Sale,202
1:REQUEST Sale,957
0:REQUEST Sale,428
1:RELEASE Sale,957
3:REQUEST Sale,629
0:RELEASE Sale,428
1:REQUEST Sale,542
3:RELEASE Sale,629
1:RELEASE Sale,542
1:REQUEST Sale,828
0:REQUEST Sale,52
2:RELEASE Sale,606
2:REQUEST Sale,532
2:RELEASE Sale,532
1:RELEASE Sale,828
2:REQUEST Sale,717
1:REQUEST Sale,202
2:RELEASE Sale,717
2:REQUEST Sale,595
3:REQUEST Sale,416
2:RELEASE Sale,595
1:RELEASE Sale,202
1:REQUEST Sale,428
3:RELEASE Sale,416
3:REQUEST Sale,104
0:RELEASE Sale,52
0:REQUEST Sale,483
1:RELEASE Sale,428
1:REQUEST Sale,52
0:RELEASE Sale,483
1:RELEASE Sale,52
0:REQUEST Sale,761
2:REQUEST Sale,918
3:RELEASE Sale,104
2:RELEASE Sale,918
3:REQUEST Sale,667
3:RELEASE Sale,667
3:REQUEST Sale,675
2:REQUEST Sale,869
1:REQUEST Sale,483
3:RELEASE Sale,675
2:RELEASE Sale,869
0:RELEASE Sale,761
0:REQUEST Sale,536
0:RELEASE Sale,536
3:REQUEST Sale,393
1:RELEASE Sale,483
2:REQUEST Sale,67
0:REQUEST Sale,791
1:REQUEST Sale,761
2:RELEASE Sale,67
1:RELEASE Sale,761
2:REQUEST Sale,814
0:RELEASE Sale,791
0:REQUEST Sale,452
3:RELEASE Sale,393
0:RELEASE Sale,452
3:REQUEST Sale,955
0:REQUEST Sale,197
3:RELEASE Sale,955
3:REQUEST Sale,387
0:RELEASE Sale,197
3:RELEASE Sale,387
0:REQUEST Sale,28
3:REQUEST Sale,982
2:RELEASE Sale,814
2:REQUEST Sale,535
3:RELEASE Sale,982
3:REQUEST Sale,588
2:RELEASE Sale,535
3:RELEASE Sale,588
0:RELEASE Sale,28
1:REQUEST Sale,536
3:REQUEST Sale,136
0:REQUEST Sale,701
1:RELEASE Sale,536
1:REQUEST Sale,791
1:RELEASE Sale,791
2:REQUEST Sale,96
2:RELEASE Sale,96
2:REQUEST Sale,854
0:RELEASE Sale,701
0:REQUEST Sale,876
0:RELEASE Sale,876
3:RELEASE Sale,136
2:RELEASE Sale,854
2:REQUEST Sale,925
3:REQUEST Sale,475
0:REQUEST Sale,332
0:RELEASE Sale,332
1:REQUEST Sale,452
3:RELEASE Sale,475
2:RELEASE Sale,925
1:RELEASE Sale,452
1:REQUEST Sale,197
3:REQUEST Sale,442
2:REQUEST Sale,120
1:RELEASE Sale,197
2:RELEASE Sale,120
3:RELEASE Sale,442
1:REQUEST Sale,28
1:RELEASE Sale,28
2:REQUEST Sale,264
3:REQUEST Sale,103
0:REQUEST Sale,175
3:RELEASE Sale,103
0:RELEASE Sale,175
1:REQUEST Sale,701
0:REQUEST Sale,132
1:RELEASE Sale,701
1:REQUEST Sale,876
2:RELEASE Sale,264
0:RELEASE Sale,132
1:RELEASE Sale,876
1:REQUEST Sale,332
1:RELEASE Sale,332
1:REQUEST Sale,175
1:RELEASE Sale,175
3:REQUEST Sale,146
1:REQUEST Sale,132
3:RELEASE Sale,146
1:RELEASE Sale,132
0:REQUEST Sale,29
0:RELEASE Sale,29
1:REQUEST Sale,29
2:REQUEST Sale,452
3:REQUEST Sale,958
2:RELEASE Sale,452
2:REQUEST Sale,575
0:REQUEST Sale,424
2:RELEASE Sale,575
3:RELEASE Sale,958
1:RELEASE Sale,29
0:RELEASE Sale,424
2:REQUEST Sale,993
1:REQUEST Sale,424
0:REQUEST Sale,354
2:RELEASE Sale,993
0:RELEASE Sale,354
2:REQUEST Sale,253
0:REQUEST Sale,483
2:RELEASE Sale,253
2:REQUEST Sale,583
1:RELEASE Sale,424
2:RELEASE Sale,583
3:REQUEST Sale,958
0:RELEASE Sale,483
3:RELEASE Sale,958
3:REQUEST Sale,772
3:RELEASE Sale,772
2:REQUEST Sale,679
2:RELEASE Sale,679
3:REQUEST Sale,663
3:RELEASE Sale,663
1:REQUEST Sale,354
1:RELEASE Sale,354
2:REQUEST Sale,922
0:REQUEST Sale,69
2:RELEASE Sale,922
1:REQUEST Sale,483
0:RELEASE Sale,69
2:REQUEST Sale,954
0:REQUEST Sale,47
2:RELEASE Sale,954
2:REQUEST Sale,296
0:RELEASE Sale,47
0:REQUEST Sale,205
2:RELEASE Sale,296
0:RELEASE Sale,205
3:REQUEST Sale,104
1:RELEASE Sale,483
2:REQUEST Sale,791
3:RELEASE Sale,104
2:RELEASE Sale,791
0:REQUEST Sale,798
1:REQUEST Sale,69
0:RELEASE Sale,798
2:REQUEST Sale,183
3:REQUEST Sale,957
3:RELEASE Sale,957
0:REQUEST Sale,130
2:RELEASE Sale,183
0:RELEASE Sale,130
3:REQUEST Sale,190
1:RELEASE Sale,69
2:REQUEST Sale,296
0:REQUEST Sale,987
0:RELEASE Sale,987
1:REQUEST Sale,47
1:RELEASE Sale,47
3:RELEASE Sale,190
2:RELEASE Sale,296
2:REQUEST Sale,465
1:REQUEST Sale,205
1:RELEASE Sale,205
3:REQUEST Sale,532
1:REQUEST Sale,798
0:REQUEST Sale,256
0:RELEASE Sale,256
0:REQUEST Sale,853
1:RELEASE Sale,798
0:RELEASE Sale,853
0:REQUEST Sale,428
3:RELEASE Sale,532
1:REQUEST Sale,130
0:RELEASE Sale,428
3:REQUEST Sale,178
0:REQUEST Sale,664
3:RELEASE Sale,178
3:REQUEST Sale,538
1:RELEASE Sale,130
2:RELEASE Sale,465
2:REQUEST Sale,21
2:RELEASE Sale,21
2:REQUEST Sale,594
2:RELEASE Sale,594
2:REQUEST Sale,438
2:RELEASE Sale,438
3:RELEASE Sale,538
2:REQUEST Sale,702
0:RELEASE Sale,664
2:RELEASE Sale,702
3:REQUEST Sale,557
1:REQUEST Sale,987
0:REQUEST Sale,709
2:REQUEST Sale,64
1:RELEASE Sale,987
1:REQUEST Sale,256
3:RELEASE Sale,557
3:REQUEST Sale,176
1:RELEASE Sale,256
2:RELEASE Sale,64
2:REQUEST Sale,637
0:RELEASE Sale,709
3:RELEASE Sale,176
2:RELEASE Sale,637
0:REQUEST Sale,114
3:REQUEST Sale,74
3:RELEASE Sale,74
1:REQUEST Sale,853
1:RELEASE Sale,853
2:REQUEST Sale,248
0:RELEASE Sale,114
3:REQUEST Sale,817
2:RELEASE Sale,248
3:RELEASE Sale,817
0:REQUEST Sale,643
2:REQUEST Sale,481
1:REQUEST Sale,428
3:REQUEST Sale,814
0:RELEASE Sale,643
0:REQUEST Sale,957
2:RELEASE Sale,481
0:RELEASE Sale,957
1:RELEASE Sale,428
2:REQUEST Sale,363
1:REQUEST Sale,664
2:RELEASE Sale,363
1:RELEASE Sale,664
1:REQUEST Sale,709
1:RELEASE Sale,709
2:REQUEST Sale,826
1:REQUEST Sale,114
2:RELEASE Sale,826
0:REQUEST Sale,595
0:RELEASE Sale,595
3:RELEASE Sale,814
1:RELEASE Sale,114
1:REQUEST Sale,643
3:REQUEST Sale,455
3:RELEASE Sale,455
1:RELEASE Sale,643
0:REQUEST Sale,909
1:REQUEST Sale,957
1:RELEASE Sale,957
0:RELEASE Sale,909
0:REQUEST Sale,359
0:RELEASE Sale,359
1:REQUEST Sale,595
1:RELEASE Sale,595
3:REQUEST Sale,324
2:REQUEST Sale,524
2:RELEASE Sale,524
0:REQUEST Sale,857
2:REQUEST Sale,977
0:RELEASE Sale,857
0:REQUEST Sale,412
0:RELEASE Sale,412
1:REQUEST Sale,909
2:RELEASE Sale,977
2:REQUEST Sale,863
2:RELEASE Sale,863
1:RELEASE Sale,909
2:REQUEST Sale,529
0:REQUEST Sale,997
2:RELEASE Sale,529
2:REQUEST Sale,364
2:RELEASE Sale,364
0:RELEASE Sale,997
3:RELEASE Sale,324
1:REQUEST Sale,359
2:REQUEST Sale,407
1:RELEASE Sale,359
3:REQUEST Sale,209
3:RELEASE Sale,209
3:REQUEST Sale,681
3:RELEASE Sale,681
2:RELEASE Sale,407
3:REQUEST Sale,582
0:REQUEST Sale,135
1:REQUEST Sale,857
3:RELEASE Sale,582
0:RELEASE Sale,135
3:REQUEST Sale,930
2:REQUEST Sale,816
1:RELEASE Sale,857
2:RELEASE Sale,816
1:REQUEST Sale,412
1:RELEASE Sale,412
3:RELEASE Sale,930
0:REQUEST Sale,164
0:RELEASE Sale,164
2:REQUEST Sale,693
0:REQUEST Sale,232
0:RELEASE Sale,232
2:RELEASE Sale,693
2:REQUEST Sale,877
0:REQUEST Sale,541
2:RELEASE Sale,877
1:REQUEST Sale,997
1:RELEASE Sale,997
2:REQUEST Sale,197
1:REQUEST Sale,135
3:REQUEST Sale,437
3:RELEASE Sale,437
1:RELEASE Sale,135
3:REQUEST Sale,744
0:RELEASE Sale,541
0:REQUEST Sale,241
1:REQUEST Sale,164
0:RELEASE Sale,241
0:REQUEST Sale,951
0:RELEASE Sale,951
1:RELEASE Sale,164
2:RELEASE Sale,197
3:RELEASE Sale,744
2:REQUEST Sale,886
3:REQUEST Sale,910
1:REQUEST Sale,232
3:RELEASE Sale,910
3:REQUEST Sale,859
3:RELEASE Sale,859
0:REQUEST Sale,699
3:REQUEST Sale,297
2:RELEASE Sale,886
3:RELEASE Sale,297
1:RELEASE Sale,232
3:REQUEST Sale,242
2:REQUEST Sale,691
1:REQUEST Sale,541
1:RELEASE Sale,541
0:RELEASE Sale,699
3:RELEASE Sale,242
2:RELEASE Sale,691
1:REQUEST Sale,241
0:REQUEST Sale,81
1:RELEASE Sale,241
3:REQUEST Sale,737
2:REQUEST Sale,262
2:RELEASE Sale,262
0:RELEASE Sale,81
2:REQUEST Sale,443
1:REQUEST Sale,951
0:REQUEST Sale,536
1:RELEASE Sale,951
1:REQUEST Sale,699
0:RELEASE Sale,536
3:RELEASE Sale,737
3:REQUEST Sale,474
2:RELEASE Sale,443
1:RELEASE Sale,699
0:REQUEST Sale,672
1:REQUEST Sale,81
1:RELEASE Sale,81
1:REQUEST Sale,536
3:RELEASE Sale,474
0:RELEASE Sale,672
1:RELEASE Sale,536
2:REQUEST Sale,195
3:REQUEST Sale,698
1:REQUEST Sale,672
0:REQUEST Sale,210
2:RELEASE Sale,195
0:RELEASE Sale,210
3:RELEASE Sale,698
1:RELEASE Sale,672
1:REQUEST Sale,210
1:RELEASE Sale,210
0:REQUEST Sale,564
3:REQUEST Sale,585
0:RELEASE Sale,564
2:REQUEST Sale,920
0:REQUEST Sale,51
3:RELEASE Sale,585
3:REQUEST Sale,802
2:RELEASE Sale,920
2:REQUEST Sale,908
3:RELEASE Sale,802
0:RELEASE Sale,51
2:RELEASE Sale,908
3:REQUEST Sale,86
0:REQUEST Sale,94
1:REQUEST Sale,564
3:RELEASE Sale,86
1:RELEASE Sale,564
3:REQUEST Sale,478
1:REQUEST Sale,51
2:REQUEST Sale,175
3:RELEASE Sale,478
0:RELEASE Sale,94
0:REQUEST Sale,763
3:REQUEST Sale,302
3:RELEASE Sale,302
0:RELEASE Sale,763
1:RELEASE Sale,51
1:REQUEST Sale,94
3:REQUEST Sale,905
1:RELEASE Sale,94
1:REQUEST Sale,763
3:RELEASE Sale,905
0:REQUEST Sale,152
1:RELEASE Sale,763
1:REQUEST Sale,152
2:RELEASE Sale,175
3:REQUEST Sale,714
2:REQUEST Sale,156
1:RELEASE Sale,152
2:RELEASE Sale,156
0:RELEASE Sale,152
1:REQUEST Sale,233
2:REQUEST Sale,366
0:REQUEST Sale,233
0:RELEASE Sale,233
1:RELEASE Sale,233
2:RELEASE Sale,366
2:REQUEST Sale,218
0:REQUEST Sale,438
3:RELEASE Sale,714
2:RELEASE Sale,218
0:RELEASE Sale,438
2:REQUEST Sale,440
3:REQUEST Sale,867
0:REQUEST Sale,826
0:RELEASE Sale,826
2:RELEASE Sale,440
1:REQUEST Sale,438
2:REQUEST Sale,617
2:RELEASE Sale,617
3:RELEASE Sale,867
2:REQUEST Sale,379
2:RELEASE Sale,379
2:REQUEST Sale,134
3:REQUEST Sale,622
3:RELEASE Sale,622
0:REQUEST Sale,728
3:REQUEST Sale,700
3:RELEASE Sale,700
3:REQUEST Sale,472
